::1 - - [28/Oct/2023:14:08:01 +0300] "GET / HTTP/1.1" 200 161
::1 - - [28/Oct/2023:14:08:01 +0300] "GET /favicon.ico HTTP/1.1" 404 196
::1 - - [28/Oct/2023:14:08:26 +0300] "GET /favicon.ico HTTP/1.1" 404 196
::1 - - [28/Oct/2023:14:08:27 +0300] "GET / HTTP/1.1" 200 20266
::1 - - [28/Oct/2023:14:08:27 +0300] "GET /css/styles.css HTTP/1.1" 200 4481
::1 - - [28/Oct/2023:14:08:27 +0300] "GET /js/events.js HTTP/1.1" 200 3904
::1 - - [28/Oct/2023:14:08:27 +0300] "GET /images/ACHX.png HTTP/1.1" 200 130729
::1 - - [28/Oct/2023:14:08:27 +0300] "GET /images/curveFM.png HTTP/1.1" 200 121810
::1 - - [28/Oct/2023:14:08:27 +0300] "GET /images/tembr2.png HTTP/1.1" 200 45683
::1 - - [28/Oct/2023:14:08:27 +0300] "GET /images/ACHX2.png HTTP/1.1" 200 75481
::1 - - [28/Oct/2023:14:08:27 +0300] "GET /images/tembr1.png HTTP/1.1" 200 43989
::1 - - [28/Oct/2023:14:08:27 +0300] "GET /audio/audio.mp3 HTTP/1.1" 206 261234
::1 - - [28/Oct/2023:14:08:27 +0300] "GET /images/icon.ico HTTP/1.1" 200 67646
::1 - - [28/Oct/2023:14:13:52 +0300] "GET /js1.html HTTP/1.1" 200 4963
::1 - - [28/Oct/2023:14:13:52 +0300] "GET /images/logo.png HTTP/1.1" 200 15931
::1 - - [28/Oct/2023:14:13:53 +0300] "GET /form.html HTTP/1.1" 200 6113
::1 - - [28/Oct/2023:14:13:53 +0300] "GET /images/confirm.png HTTP/1.1" 200 97635
::1 - - [28/Oct/2023:14:14:31 +0300] "GET /source.html HTTP/1.1" 200 3470
::1 - - [28/Oct/2023:14:14:32 +0300] "GET /second.html HTTP/1.1" 200 24548
::1 - - [28/Oct/2023:14:14:32 +0300] "GET /images/linux.png HTTP/1.1" 200 9449
::1 - - [28/Oct/2023:14:14:32 +0300] "GET /images/wave.png HTTP/1.1" 200 18378
::1 - - [28/Oct/2023:14:14:33 +0300] "GET /index.html HTTP/1.1" 200 20401
::1 - - [28/Oct/2023:14:15:53 +0300] "POST /cgi-bin/tutor5.py HTTP/1.1" 404 196
::1 - - [28/Oct/2023:14:16:29 +0300] "-" 408 -
::1 - - [28/Oct/2023:14:40:21 +0300] "-" 408 -
::1 - - [28/Oct/2023:14:41:05 +0300] "GET / HTTP/1.1" 200 20401
::1 - - [28/Oct/2023:14:41:05 +0300] "GET /css/styles.css HTTP/1.1" 200 4876
::1 - - [28/Oct/2023:14:41:05 +0300] "GET /js/events.js HTTP/1.1" 200 6165
::1 - - [28/Oct/2023:14:41:05 +0300] "GET /images/logo.png HTTP/1.1" 200 15931
::1 - - [28/Oct/2023:14:41:05 +0300] "GET /images/curveFM.png HTTP/1.1" 200 121810
::1 - - [28/Oct/2023:14:41:05 +0300] "GET /images/ACHX.png HTTP/1.1" 200 130729
::1 - - [28/Oct/2023:14:41:05 +0300] "GET /images/ACHX2.png HTTP/1.1" 200 75481
::1 - - [28/Oct/2023:14:41:05 +0300] "GET /images/tembr1.png HTTP/1.1" 200 43989
::1 - - [28/Oct/2023:14:41:05 +0300] "GET /images/tembr2.png HTTP/1.1" 200 45683
::1 - - [28/Oct/2023:14:41:05 +0300] "GET /audio/audio.mp3 HTTP/1.1" 206 261234
::1 - - [28/Oct/2023:14:41:05 +0300] "GET /images/icon.ico HTTP/1.1" 200 67646
::1 - - [28/Oct/2023:14:41:06 +0300] "GET /second.html HTTP/1.1" 200 24548
::1 - - [28/Oct/2023:14:41:06 +0300] "GET /images/wave.png HTTP/1.1" 200 18378
::1 - - [28/Oct/2023:14:41:06 +0300] "GET /images/linux.png HTTP/1.1" 200 9449
::1 - - [28/Oct/2023:14:41:07 +0300] "GET /index.html HTTP/1.1" 200 20401
::1 - - [28/Oct/2023:14:41:07 +0300] "GET /form.html HTTP/1.1" 200 6113
::1 - - [28/Oct/2023:14:41:07 +0300] "GET /images/confirm.png HTTP/1.1" 200 97635
::1 - - [28/Oct/2023:14:41:09 +0300] "GET /source.html HTTP/1.1" 200 3470
::1 - - [28/Oct/2023:14:41:12 +0300] "GET /js1.html HTTP/1.1" 200 4963
::1 - - [28/Oct/2023:14:42:11 +0300] "-" 408 -
::1 - - [28/Oct/2023:14:42:24 +0300] "-" 408 -
::1 - - [28/Oct/2023:14:44:27 +0300] "-" 408 -
::1 - - [28/Oct/2023:14:44:27 +0300] "-" 408 -
::1 - - [28/Oct/2023:14:45:58 +0300] "GET / HTTP/1.1" 200 20401
::1 - - [28/Oct/2023:14:45:58 +0300] "GET /css/styles.css HTTP/1.1" 200 4876
::1 - - [28/Oct/2023:14:45:58 +0300] "GET /js/events.js HTTP/1.1" 200 6165
::1 - - [28/Oct/2023:14:45:58 +0300] "GET /images/logo.png HTTP/1.1" 200 15931
::1 - - [28/Oct/2023:14:45:58 +0300] "GET /images/curveFM.png HTTP/1.1" 200 121810
::1 - - [28/Oct/2023:14:45:58 +0300] "GET /images/ACHX.png HTTP/1.1" 200 130729
::1 - - [28/Oct/2023:14:45:58 +0300] "GET /images/ACHX2.png HTTP/1.1" 200 75481
::1 - - [28/Oct/2023:14:45:58 +0300] "GET /images/tembr2.png HTTP/1.1" 200 45683
::1 - - [28/Oct/2023:14:45:58 +0300] "GET /images/tembr1.png HTTP/1.1" 200 43989
::1 - - [28/Oct/2023:14:45:58 +0300] "GET /audio/audio.mp3 HTTP/1.1" 206 261234
::1 - - [28/Oct/2023:14:45:59 +0300] "GET /images/icon.ico HTTP/1.1" 200 67646
::1 - - [28/Oct/2023:14:46:00 +0300] "GET /form.html HTTP/1.1" 200 6113
::1 - - [28/Oct/2023:14:46:00 +0300] "GET /images/confirm.png HTTP/1.1" 200 97635
::1 - - [28/Oct/2023:14:46:05 +0300] "GET /index.html HTTP/1.1" 200 20401
::1 - - [28/Oct/2023:14:46:07 +0300] "GET /second.html HTTP/1.1" 200 24548
::1 - - [28/Oct/2023:14:46:07 +0300] "GET /images/wave.png HTTP/1.1" 200 18378
::1 - - [28/Oct/2023:14:46:07 +0300] "GET /images/linux.png HTTP/1.1" 200 9449
::1 - - [28/Oct/2023:14:46:08 +0300] "GET /source.html HTTP/1.1" 200 3470
::1 - - [28/Oct/2023:14:53:50 +0300] "-" 408 -
::1 - - [28/Oct/2023:14:53:50 +0300] "-" 408 -
::1 - - [28/Oct/2023:14:56:52 +0300] "-" 408 -
::1 - - [28/Oct/2023:14:56:52 +0300] "-" 408 -
::1 - - [28/Oct/2023:14:57:01 +0300] "GET /i.php HTTP/1.1" 200 76264
::1 - - [28/Oct/2023:14:57:02 +0300] "GET /favicon.ico HTTP/1.1" 404 196
::1 - - [28/Oct/2023:14:57:55 +0300] "-" 408 -
::1 - - [28/Oct/2023:15:01:55 +0300] "GET /i.php HTTP/1.1" 200 86378
::1 - - [28/Oct/2023:15:02:20 +0300] "GET /i.php HTTP/1.1" 200 86378
::1 - - [28/Oct/2023:15:02:20 +0300] "GET /i.php HTTP/1.1" 200 86378
::1 - - [28/Oct/2023:15:02:32 +0300] "GET /js1.html HTTP/1.1" 200 4963
::1 - - [28/Oct/2023:15:03:27 +0300] "-" 408 -
::1 - - [28/Oct/2023:15:19:03 +0300] "-" 408 -
::1 - - [28/Oct/2023:15:19:03 +0300] "-" 408 -
::1 - - [28/Oct/2023:15:24:28 +0300] "GET /index.html HTTP/1.1" 200 20406
::1 - - [28/Oct/2023:15:24:32 +0300] "GET /second.html HTTP/1.1" 200 24553
::1 - - [28/Oct/2023:15:24:34 +0300] "GET /source.html HTTP/1.1" 200 3475
::1 - - [28/Oct/2023:15:24:36 +0300] "GET /js1.html HTTP/1.1" 200 4968
::1 - - [28/Oct/2023:15:24:38 +0300] "GET /form.html HTTP/1.1" 200 6118
::1 - - [28/Oct/2023:15:24:39 +0300] "GET /db.php HTTP/1.1" 200 2615
::1 - - [28/Oct/2023:15:24:40 +0300] "GET /db.php HTTP/1.1" 200 2615
::1 - - [28/Oct/2023:15:25:24 +0300] "-" 408 -
::1 - - [28/Oct/2023:15:28:34 +0300] "GET /db.php HTTP/1.1" 200 183
::1 - - [28/Oct/2023:15:29:34 +0300] "-" 408 -
::1 - - [28/Oct/2023:15:31:15 +0300] "GET /db.php HTTP/1.1" 200 2625
::1 - - [28/Oct/2023:15:31:16 +0300] "GET /db.php HTTP/1.1" 200 2625
::1 - - [28/Oct/2023:15:31:17 +0300] "GET /db.php HTTP/1.1" 200 2625
::1 - - [28/Oct/2023:15:31:18 +0300] "GET /db.php HTTP/1.1" 200 2625
::1 - - [28/Oct/2023:15:31:20 +0300] "GET /form.html HTTP/1.1" 304 -
::1 - - [28/Oct/2023:15:31:20 +0300] "GET /db.php HTTP/1.1" 200 2625
::1 - - [28/Oct/2023:15:31:21 +0300] "GET /second.html HTTP/1.1" 304 -
::1 - - [28/Oct/2023:15:31:22 +0300] "GET /index.html HTTP/1.1" 304 -
::1 - - [28/Oct/2023:15:31:22 +0300] "GET /db.php HTTP/1.1" 200 2625
::1 - - [28/Oct/2023:15:31:23 +0300] "GET /db.php HTTP/1.1" 200 2625
::1 - - [28/Oct/2023:15:31:23 +0300] "GET /db.php HTTP/1.1" 200 2625
::1 - - [28/Oct/2023:15:31:23 +0300] "GET /db.php HTTP/1.1" 200 2625
::1 - - [28/Oct/2023:15:31:45 +0300] "GET /db.php HTTP/1.1" 200 2625
::1 - - [28/Oct/2023:15:31:46 +0300] "GET /db.php HTTP/1.1" 200 2625
::1 - - [28/Oct/2023:15:31:47 +0300] "GET /db.php HTTP/1.1" 200 2625
::1 - - [28/Oct/2023:15:31:48 +0300] "GET /db.php HTTP/1.1" 200 2625
::1 - - [28/Oct/2023:15:31:49 +0300] "GET /js1.html HTTP/1.1" 304 -
::1 - - [28/Oct/2023:15:31:50 +0300] "GET /source.html HTTP/1.1" 304 -
::1 - - [28/Oct/2023:15:31:54 +0300] "GET /db.php HTTP/1.1" 200 2625
::1 - - [28/Oct/2023:15:32:08 +0300] "GET /db.php HTTP/1.1" 200 2625
::1 - - [28/Oct/2023:15:32:09 +0300] "GET /db.php HTTP/1.1" 200 2625
::1 - - [28/Oct/2023:15:32:12 +0300] "GET /index.html HTTP/1.1" 304 -
::1 - - [28/Oct/2023:15:32:12 +0300] "GET /second.html HTTP/1.1" 304 -
::1 - - [28/Oct/2023:15:32:14 +0300] "GET /form.html HTTP/1.1" 304 -
::1 - - [28/Oct/2023:15:32:15 +0300] "GET /db.php HTTP/1.1" 200 2625
::1 - - [28/Oct/2023:15:32:37 +0300] "GET /db.php HTTP/1.1" 200 2625
::1 - - [28/Oct/2023:15:32:38 +0300] "GET /js1.html HTTP/1.1" 304 -
::1 - - [28/Oct/2023:15:32:39 +0300] "GET /db.php HTTP/1.1" 200 2625
::1 - - [28/Oct/2023:15:33:35 +0300] "GET /js1.html HTTP/1.1" 304 -
::1 - - [28/Oct/2023:15:33:36 +0300] "GET /form.html HTTP/1.1" 304 -
::1 - - [28/Oct/2023:15:33:36 +0300] "GET /db.php HTTP/1.1" 200 2625
::1 - - [28/Oct/2023:15:33:40 +0300] "GET /db.php HTTP/1.1" 200 2625
::1 - - [28/Oct/2023:15:33:41 +0300] "GET /db.php HTTP/1.1" 200 2625
::1 - - [28/Oct/2023:15:33:42 +0300] "GET /db.php HTTP/1.1" 200 2625
::1 - - [28/Oct/2023:15:33:42 +0300] "GET /db.php HTTP/1.1" 200 2625
::1 - - [28/Oct/2023:15:33:42 +0300] "GET /db.php HTTP/1.1" 200 2625
::1 - - [28/Oct/2023:15:33:42 +0300] "GET /db.php HTTP/1.1" 200 2625
::1 - - [28/Oct/2023:15:33:42 +0300] "GET /db.php HTTP/1.1" 200 2625
::1 - - [28/Oct/2023:15:33:42 +0300] "GET /db.php HTTP/1.1" 200 2625
::1 - - [28/Oct/2023:15:33:43 +0300] "GET /source.html HTTP/1.1" 304 -
::1 - - [28/Oct/2023:15:34:10 +0300] "GET /db.php HTTP/1.1" 200 2625
::1 - - [28/Oct/2023:15:34:21 +0300] "GET /favicon.ico HTTP/1.1" 404 196
::1 - - [28/Oct/2023:15:34:42 +0300] "GET /form.html HTTP/1.1" 304 -
::1 - - [28/Oct/2023:15:34:43 +0300] "GET /db.php HTTP/1.1" 200 2625
::1 - - [28/Oct/2023:15:34:43 +0300] "GET /db.php HTTP/1.1" 200 2625
::1 - - [28/Oct/2023:15:34:44 +0300] "GET /index.html HTTP/1.1" 304 -
::1 - - [28/Oct/2023:15:34:53 +0300] "GET /db.php HTTP/1.1" 200 2625
::1 - - [28/Oct/2023:15:35:53 +0300] "-" 408 -
::1 - - [28/Oct/2023:15:37:09 +0300] "GET /db.php HTTP/1.1" 200 2617
::1 - - [28/Oct/2023:15:37:10 +0300] "GET /db.php HTTP/1.1" 200 2617
::1 - - [28/Oct/2023:15:37:10 +0300] "GET /db.php HTTP/1.1" 200 2617
::1 - - [28/Oct/2023:15:37:10 +0300] "GET /form.html HTTP/1.1" 304 -
::1 - - [28/Oct/2023:15:37:11 +0300] "GET /js1.html HTTP/1.1" 304 -
::1 - - [28/Oct/2023:15:37:11 +0300] "GET /db.php HTTP/1.1" 200 2617
::1 - - [28/Oct/2023:15:37:14 +0300] "GET /index.html HTTP/1.1" 304 -
::1 - - [28/Oct/2023:15:37:14 +0300] "GET /second.html HTTP/1.1" 304 -
::1 - - [28/Oct/2023:15:37:14 +0300] "GET /source.html HTTP/1.1" 304 -
::1 - - [28/Oct/2023:15:37:16 +0300] "GET /db.php HTTP/1.1" 200 2617
::1 - - [28/Oct/2023:15:37:44 +0300] "GET /db.php HTTP/1.1" 200 2621
::1 - - [28/Oct/2023:15:37:51 +0300] "GET /db.php HTTP/1.1" 200 2617
::1 - - [28/Oct/2023:15:38:16 +0300] "GET /db.php HTTP/1.1" 200 2602
::1 - - [28/Oct/2023:15:38:18 +0300] "GET /db.php HTTP/1.1" 200 2602
::1 - - [28/Oct/2023:15:38:22 +0300] "GET /db.php HTTP/1.1" 200 2602
::1 - - [28/Oct/2023:15:38:57 +0300] "GET /db.php HTTP/1.1" 200 2602
::1 - - [28/Oct/2023:15:39:24 +0300] "GET /db.php HTTP/1.1" 200 2586
::1 - - [28/Oct/2023:15:40:24 +0300] "-" 408 -
::1 - - [28/Oct/2023:15:42:54 +0300] "GET /index.html HTTP/1.1" 200 20406
::1 - - [28/Oct/2023:15:42:55 +0300] "GET /second.html HTTP/1.1" 200 24553
::1 - - [28/Oct/2023:15:42:56 +0300] "GET /source.html HTTP/1.1" 200 3460
::1 - - [28/Oct/2023:15:42:57 +0300] "GET /js1.html HTTP/1.1" 200 4968
::1 - - [28/Oct/2023:15:42:57 +0300] "GET /form.html HTTP/1.1" 200 6118
::1 - - [28/Oct/2023:15:42:57 +0300] "GET /db.php HTTP/1.1" 200 2586
::1 - - [28/Oct/2023:15:42:58 +0300] "GET /form.html HTTP/1.1" 304 -
::1 - - [28/Oct/2023:15:42:59 +0300] "GET /source.html HTTP/1.1" 304 -
::1 - - [28/Oct/2023:15:43:00 +0300] "GET /second.html HTTP/1.1" 304 -
::1 - - [28/Oct/2023:15:43:00 +0300] "GET /index.html HTTP/1.1" 304 -
::1 - - [28/Oct/2023:15:43:35 +0300] "GET /js1.html HTTP/1.1" 304 -
::1 - - [28/Oct/2023:15:43:36 +0300] "GET /source.html HTTP/1.1" 304 -
::1 - - [28/Oct/2023:15:43:38 +0300] "GET /db.php HTTP/1.1" 200 2586
::1 - - [28/Oct/2023:15:44:35 +0300] "-" 408 -
::1 - - [28/Oct/2023:15:45:51 +0300] "GET /db.php HTTP/1.1" 200 2586
::1 - - [28/Oct/2023:15:46:51 +0300] "-" 408 -
::1 - - [28/Oct/2023:15:47:03 +0300] "GET /db.php HTTP/1.1" 200 8035
::1 - - [28/Oct/2023:15:48:03 +0300] "-" 408 -
::1 - - [28/Oct/2023:16:14:18 +0300] "GET /db.php HTTP/1.1" 200 4374
::1 - - [28/Oct/2023:16:15:18 +0300] "-" 408 -
::1 - - [28/Oct/2023:16:16:22 +0300] "GET /db.php HTTP/1.1" 200 5457
::1 - - [28/Oct/2023:16:16:23 +0300] "GET /form.html HTTP/1.1" 304 -
::1 - - [28/Oct/2023:16:16:23 +0300] "GET /db.php HTTP/1.1" 200 5457
::1 - - [28/Oct/2023:16:17:22 +0300] "-" 408 -
::1 - - [28/Oct/2023:16:20:03 +0300] "GET /second.html HTTP/1.1" 304 -
::1 - - [28/Oct/2023:16:20:03 +0300] "GET /index.html HTTP/1.1" 304 -
::1 - - [28/Oct/2023:16:20:05 +0300] "GET /db.php HTTP/1.1" 200 2255
::1 - - [28/Oct/2023:16:21:00 +0300] "-" 408 -
::1 - - [28/Oct/2023:16:21:12 +0300] "GET /db.php HTTP/1.1" 200 147
::1 - - [28/Oct/2023:16:21:45 +0300] "GET /db.php HTTP/1.1" 200 147
::1 - - [28/Oct/2023:16:21:50 +0300] "GET /db.php HTTP/1.1" 200 147
::1 - - [28/Oct/2023:16:22:45 +0300] "-" 408 -
::1 - - [28/Oct/2023:16:24:45 +0300] "GET /db.php HTTP/1.1" 200 147
::1 - - [28/Oct/2023:16:25:35 +0300] "GET /db.php HTTP/1.1" 200 2586
::1 - - [28/Oct/2023:16:25:36 +0300] "GET /db.php HTTP/1.1" 200 2586
::1 - - [28/Oct/2023:16:25:37 +0300] "GET /form.html HTTP/1.1" 304 -
::1 - - [28/Oct/2023:16:25:37 +0300] "GET /db.php HTTP/1.1" 200 2586
::1 - - [28/Oct/2023:16:26:00 +0300] "GET /db.php HTTP/1.1" 200 2589
::1 - - [28/Oct/2023:16:26:41 +0300] "GET /db.php HTTP/1.1" 200 4911
::1 - - [28/Oct/2023:16:27:33 +0300] "GET /db.php HTTP/1.1" 200 3174
::1 - - [28/Oct/2023:16:28:33 +0300] "-" 408 -
::1 - - [28/Oct/2023:16:28:46 +0300] "GET /db.php HTTP/1.1" 200 182
::1 - - [28/Oct/2023:16:29:07 +0300] "GET /db.php HTTP/1.1" 200 182
::1 - - [28/Oct/2023:16:29:44 +0300] "GET /db.php HTTP/1.1" 200 3198
::1 - - [28/Oct/2023:16:29:57 +0300] "GET /db.php HTTP/1.1" 200 3102
::1 - - [28/Oct/2023:16:30:57 +0300] "-" 408 -
::1 - - [28/Oct/2023:16:32:17 +0300] "GET /db.php HTTP/1.1" 200 3102
::1 - - [28/Oct/2023:16:33:17 +0300] "-" 408 -
::1 - - [28/Oct/2023:16:44:01 +0300] "GET /db.php HTTP/1.1" 200 8127
::1 - - [28/Oct/2023:16:44:22 +0300] "GET /db.php HTTP/1.1" 200 5319
::1 - - [28/Oct/2023:16:45:22 +0300] "-" 408 -
::1 - - [28/Oct/2023:16:47:49 +0300] "GET /db.php HTTP/1.1" 200 143
::1 - - [28/Oct/2023:16:48:40 +0300] "GET /db.php HTTP/1.1" 200 143
::1 - - [28/Oct/2023:16:49:12 +0300] "GET /db.php HTTP/1.1" 200 143
::1 - - [28/Oct/2023:16:49:15 +0300] "GET /db.php HTTP/1.1" 200 143
::1 - - [28/Oct/2023:16:49:19 +0300] "GET /db.php HTTP/1.1" 200 5303
::1 - - [28/Oct/2023:16:49:38 +0300] "GET /db.php HTTP/1.1" 200 143
::1 - - [28/Oct/2023:16:49:55 +0300] "GET /db.php HTTP/1.1" 200 143
::1 - - [28/Oct/2023:16:49:56 +0300] "GET /db.php HTTP/1.1" 200 143
::1 - - [28/Oct/2023:16:49:56 +0300] "GET /db.php HTTP/1.1" 200 143
::1 - - [28/Oct/2023:16:50:27 +0300] "GET /db.php HTTP/1.1" 200 5493
::1 - - [28/Oct/2023:16:50:53 +0300] "GET /db.php HTTP/1.1" 200 5489
::1 - - [28/Oct/2023:16:51:53 +0300] "-" 408 -
::1 - - [28/Oct/2023:17:24:03 +0300] "GET /db.php HTTP/1.1" 200 6702
::1 - - [28/Oct/2023:17:25:03 +0300] "-" 408 -
::1 - - [28/Oct/2023:17:25:10 +0300] "GET /db.php HTTP/1.1" 200 6702
::1 - - [28/Oct/2023:17:25:59 +0300] "GET /db.php HTTP/1.1" 200 10202
::1 - - [28/Oct/2023:17:26:40 +0300] "GET /db.php HTTP/1.1" 200 8031
::1 - - [28/Oct/2023:17:27:40 +0300] "-" 408 -
::1 - - [28/Oct/2023:17:27:53 +0300] "GET /db.php HTTP/1.1" 200 8065
::1 - - [28/Oct/2023:17:28:19 +0300] "GET /db.php HTTP/1.1" 200 9760
::1 - - [28/Oct/2023:17:28:38 +0300] "GET /db.php HTTP/1.1" 200 10792
::1 - - [28/Oct/2023:17:29:24 +0300] "GET /db.php HTTP/1.1" 200 10670
::1 - - [28/Oct/2023:17:30:22 +0300] "GET /db.php HTTP/1.1" 200 10682
::1 - - [28/Oct/2023:17:31:22 +0300] "-" 408 -
::1 - - [28/Oct/2023:17:32:07 +0300] "GET /db.php HTTP/1.1" 200 10682
::1 - - [28/Oct/2023:17:32:08 +0300] "GET /db.php HTTP/1.1" 200 10682
::1 - - [28/Oct/2023:17:32:38 +0300] "GET /db.php HTTP/1.1" 200 10682
::1 - - [28/Oct/2023:17:33:38 +0300] "-" 408 -
::1 - - [28/Oct/2023:17:35:53 +0300] "GET /db.php HTTP/1.1" 200 10670
::1 - - [28/Oct/2023:17:36:24 +0300] "GET /db.php HTTP/1.1" 200 10661
::1 - - [28/Oct/2023:17:37:11 +0300] "GET /db.php HTTP/1.1" 200 10670
::1 - - [28/Oct/2023:17:38:11 +0300] "-" 408 -
::1 - - [28/Oct/2023:17:38:12 +0300] "GET /db.php HTTP/1.1" 200 10670
::1 - - [28/Oct/2023:17:39:09 +0300] "GET /db.php HTTP/1.1" 200 10506
::1 - - [28/Oct/2023:17:40:09 +0300] "-" 408 -
::1 - - [28/Oct/2023:17:41:14 +0300] "GET /db.php HTTP/1.1" 200 10664
::1 - - [28/Oct/2023:17:41:20 +0300] "GET /db.php HTTP/1.1" 200 10664
::1 - - [28/Oct/2023:17:42:20 +0300] "-" 408 -
::1 - - [28/Oct/2023:17:43:08 +0300] "GET /db.php HTTP/1.1" 200 11034
::1 - - [28/Oct/2023:17:43:31 +0300] "GET /db.php HTTP/1.1" 200 11049
::1 - - [28/Oct/2023:17:44:31 +0300] "-" 408 -
::1 - - [28/Oct/2023:17:44:57 +0300] "GET /db.php HTTP/1.1" 200 11077
::1 - - [28/Oct/2023:17:45:57 +0300] "-" 408 -
::1 - - [28/Oct/2023:17:58:40 +0300] "GET /db.php HTTP/1.1" 200 11077
::1 - - [28/Oct/2023:17:59:40 +0300] "-" 408 -
::1 - - [28/Oct/2023:18:09:41 +0300] "GET /db.php HTTP/1.1" 200 7252
::1 - - [28/Oct/2023:18:10:41 +0300] "-" 408 -
::1 - - [28/Oct/2023:18:11:03 +0300] "-" 408 -
::1 - - [28/Oct/2023:18:20:57 +0300] "GET /db.php HTTP/1.1" 200 9491
::1 - - [28/Oct/2023:18:21:57 +0300] "-" 408 -
::1 - - [28/Oct/2023:18:22:52 +0300] "GET /db.php HTTP/1.1" 200 9502
::1 - - [28/Oct/2023:18:23:09 +0300] "GET /db.php HTTP/1.1" 200 9502
::1 - - [28/Oct/2023:18:23:10 +0300] "GET /db.php HTTP/1.1" 200 9502
::1 - - [28/Oct/2023:18:23:14 +0300] "GET /db.php HTTP/1.1" 200 9340
::1 - - [28/Oct/2023:18:23:44 +0300] "POST /addRow.php HTTP/1.1" 200 320
::1 - - [28/Oct/2023:18:24:44 +0300] "-" 408 -
::1 - - [28/Oct/2023:18:32:02 +0300] "POST /addRow.php HTTP/1.1" 200 -
::1 - - [28/Oct/2023:18:32:09 +0300] "GET /db.php HTTP/1.1" 200 9735
::1 - - [28/Oct/2023:18:33:07 +0300] "-" 408 -
::1 - - [28/Oct/2023:18:36:02 +0300] "GET /db.php HTTP/1.1" 200 9340
::1 - - [28/Oct/2023:18:36:04 +0300] "POST /addRow.php HTTP/1.1" 200 139
::1 - - [28/Oct/2023:18:36:28 +0300] "GET /db.php HTTP/1.1" 200 9340
::1 - - [28/Oct/2023:18:36:30 +0300] "POST /addRow.php HTTP/1.1" 200 -
::1 - - [28/Oct/2023:18:36:35 +0300] "GET /db.php HTTP/1.1" 200 9340
::1 - - [28/Oct/2023:18:36:36 +0300] "GET /db.php HTTP/1.1" 200 9340
::1 - - [28/Oct/2023:18:36:36 +0300] "GET /db.php HTTP/1.1" 200 9340
::1 - - [28/Oct/2023:18:36:42 +0300] "POST /addRow.php HTTP/1.1" 200 -
::1 - - [28/Oct/2023:18:36:47 +0300] "GET /db.php HTTP/1.1" 200 9681
::1 - - [28/Oct/2023:18:36:54 +0300] "GET /db.php HTTP/1.1" 200 9340
::1 - - [28/Oct/2023:18:37:54 +0300] "-" 408 -
::1 - - [28/Oct/2023:18:38:16 +0300] "POST /addRow.php HTTP/1.1" 200 -
::1 - - [28/Oct/2023:18:38:18 +0300] "GET /db.php HTTP/1.1" 200 9340
::1 - - [28/Oct/2023:18:38:20 +0300] "GET /db.php HTTP/1.1" 200 9340
::1 - - [28/Oct/2023:18:38:21 +0300] "GET /db.php HTTP/1.1" 200 9340
::1 - - [28/Oct/2023:18:38:42 +0300] "GET /db.php HTTP/1.1" 200 9340
::1 - - [28/Oct/2023:18:38:44 +0300] "POST /addRow.php HTTP/1.1" 200 326
::1 - - [28/Oct/2023:18:39:42 +0300] "-" 408 -
::1 - - [28/Oct/2023:18:50:46 +0300] "GET /db.php HTTP/1.1" 200 9340
::1 - - [28/Oct/2023:18:50:47 +0300] "GET /db.php HTTP/1.1" 200 9340
::1 - - [28/Oct/2023:18:50:51 +0300] "POST /addRow.php HTTP/1.1" 200 -
::1 - - [28/Oct/2023:18:50:53 +0300] "GET /db.php HTTP/1.1" 200 9340
::1 - - [28/Oct/2023:18:50:58 +0300] "POST /addRow.php HTTP/1.1" 200 325
::1 - - [28/Oct/2023:18:51:29 +0300] "POST /addRow.php HTTP/1.1" 200 355
::1 - - [28/Oct/2023:18:52:27 +0300] "-" 408 -
::1 - - [28/Oct/2023:18:54:32 +0300] "GET /db.php HTTP/1.1" 200 10026
::1 - - [28/Oct/2023:18:54:43 +0300] "GET /db.php HTTP/1.1" 200 9340
::1 - - [28/Oct/2023:18:54:47 +0300] "POST /addRow.php HTTP/1.1" 200 504
::1 - - [28/Oct/2023:18:55:43 +0300] "-" 408 -
::1 - - [28/Oct/2023:18:56:48 +0300] "GET /db.php HTTP/1.1" 200 9683
::1 - - [28/Oct/2023:18:56:55 +0300] "GET /db.php HTTP/1.1" 200 9340
::1 - - [28/Oct/2023:18:56:59 +0300] "POST /addRow.php HTTP/1.1" 200 357
::1 - - [28/Oct/2023:18:57:55 +0300] "-" 408 -
::1 - - [28/Oct/2023:18:58:49 +0300] "GET /db.php HTTP/1.1" 200 9340
::1 - - [28/Oct/2023:18:58:53 +0300] "POST /addRow.php HTTP/1.1" 200 -
::1 - - [28/Oct/2023:18:58:58 +0300] "GET /db.php HTTP/1.1" 200 9695
::1 - - [28/Oct/2023:18:59:49 +0300] "-" 408 -
::1 - - [28/Oct/2023:19:01:00 +0300] "GET /db.php HTTP/1.1" 200 9695
::1 - - [28/Oct/2023:19:01:33 +0300] "GET /db.php HTTP/1.1" 200 9340
::1 - - [28/Oct/2023:19:01:38 +0300] "POST /addRow.php HTTP/1.1" 302 -
::1 - - [28/Oct/2023:19:01:38 +0300] "GET /db.php HTTP/1.1" 200 9692
::1 - - [28/Oct/2023:19:02:38 +0300] "-" 408 -
::1 - - [28/Oct/2023:19:07:22 +0300] "GET /db.php HTTP/1.1" 200 137
::1 - - [28/Oct/2023:19:08:22 +0300] "-" 408 -
::1 - - [28/Oct/2023:19:09:55 +0300] "GET /db.php HTTP/1.1" 200 9330
::1 - - [28/Oct/2023:19:10:55 +0300] "-" 408 -
::1 - - [28/Oct/2023:19:12:55 +0300] "GET /db.php HTTP/1.1" 200 9404
::1 - - [28/Oct/2023:19:13:18 +0300] "GET /db.php HTTP/1.1" 200 9411
::1 - - [28/Oct/2023:19:13:27 +0300] "GET /db.php HTTP/1.1" 200 9441
::1 - - [28/Oct/2023:19:13:38 +0300] "GET /db.php HTTP/1.1" 200 9518
::1 - - [28/Oct/2023:19:13:43 +0300] "GET /db.php HTTP/1.1" 200 9518
::1 - - [28/Oct/2023:19:14:42 +0300] "GET /db.php HTTP/1.1" 200 9552
::1 - - [28/Oct/2023:19:15:22 +0300] "GET /db.php HTTP/1.1" 200 9563
::1 - - [28/Oct/2023:19:16:03 +0300] "GET /form.html HTTP/1.1" 304 -
::1 - - [28/Oct/2023:19:16:09 +0300] "GET /source.html HTTP/1.1" 304 -
::1 - - [28/Oct/2023:19:16:09 +0300] "GET /second.html HTTP/1.1" 304 -
::1 - - [28/Oct/2023:19:16:11 +0300] "GET /index.html HTTP/1.1" 304 -
::1 - - [28/Oct/2023:19:16:24 +0300] "GET /db.php HTTP/1.1" 200 9563
::1 - - [28/Oct/2023:19:16:28 +0300] "GET /db.php HTTP/1.1" 200 9563
::1 - - [28/Oct/2023:19:17:24 +0300] "-" 408 -
::1 - - [28/Oct/2023:19:18:05 +0300] "GET /form.html HTTP/1.1" 304 -
::1 - - [28/Oct/2023:19:18:08 +0300] "GET /index.html HTTP/1.1" 304 -
::1 - - [28/Oct/2023:19:18:21 +0300] "GET /db.php HTTP/1.1" 200 9563
::1 - - [28/Oct/2023:19:18:35 +0300] "GET /form.html HTTP/1.1" 304 -
::1 - - [28/Oct/2023:19:18:36 +0300] "GET /js1.html HTTP/1.1" 304 -
::1 - - [28/Oct/2023:19:18:53 +0300] "GET /db.php HTTP/1.1" 200 9563
::1 - - [28/Oct/2023:19:19:39 +0300] "GET /db.php HTTP/1.1" 200 9563
::1 - - [28/Oct/2023:19:19:40 +0300] "GET /db.php HTTP/1.1" 200 9563
::1 - - [28/Oct/2023:19:20:00 +0300] "GET /db.php HTTP/1.1" 200 9563
::1 - - [28/Oct/2023:19:20:55 +0300] "GET /db.php HTTP/1.1" 200 9563
::1 - - [28/Oct/2023:19:21:01 +0300] "POST /addRow.php HTTP/1.1" 302 -
::1 - - [28/Oct/2023:19:21:01 +0300] "GET /db.php HTTP/1.1" 200 9563
::1 - - [28/Oct/2023:19:21:35 +0300] "GET /db.php HTTP/1.1" 200 9563
::1 - - [28/Oct/2023:19:22:26 +0300] "-" 408 -
::1 - - [28/Oct/2023:19:23:48 +0300] "GET /db.php HTTP/1.1" 200 9573
::1 - - [28/Oct/2023:19:24:09 +0300] "GET /db.php HTTP/1.1" 200 9573
::1 - - [28/Oct/2023:19:25:08 +0300] "-" 408 -
::1 - - [28/Oct/2023:19:25:11 +0300] "GET /db.php HTTP/1.1" 200 9657
::1 - - [28/Oct/2023:19:25:23 +0300] "GET /db.php HTTP/1.1" 200 9673
::1 - - [28/Oct/2023:19:25:35 +0300] "GET /db.php HTTP/1.1" 200 9671
::1 - - [28/Oct/2023:19:26:08 +0300] "GET /db.php HTTP/1.1" 200 9671
::1 - - [28/Oct/2023:19:27:08 +0300] "-" 408 -
::1 - - [28/Oct/2023:19:27:30 +0300] "GET /db.php HTTP/1.1" 200 9671
::1 - - [28/Oct/2023:19:28:30 +0300] "-" 408 -
::1 - - [28/Oct/2023:19:29:10 +0300] "GET /db.php HTTP/1.1" 200 9671
::1 - - [28/Oct/2023:19:30:10 +0300] "-" 408 -
::1 - - [28/Oct/2023:19:30:20 +0300] "GET /db.php HTTP/1.1" 200 9789
::1 - - [28/Oct/2023:19:30:44 +0300] "GET /db.php HTTP/1.1" 200 9789
::1 - - [28/Oct/2023:19:31:07 +0300] "GET /db.php HTTP/1.1" 200 9774
::1 - - [28/Oct/2023:19:32:07 +0300] "-" 408 -
::1 - - [28/Oct/2023:19:35:26 +0300] "GET /test.html HTTP/1.1" 200 975
::1 - - [28/Oct/2023:19:36:26 +0300] "-" 408 -
::1 - - [28/Oct/2023:19:36:33 +0300] "GET /db.php HTTP/1.1" 200 9774
::1 - - [28/Oct/2023:19:37:28 +0300] "GET /db.php HTTP/1.1" 200 9999
::1 - - [28/Oct/2023:19:38:04 +0300] "GET /db.php HTTP/1.1" 200 10044
::1 - - [28/Oct/2023:19:39:04 +0300] "-" 408 -
::1 - - [28/Oct/2023:22:55:37 +0300] "GET /db.php HTTP/1.1" 200 10044
::1 - - [28/Oct/2023:22:55:37 +0300] "GET /css/styles.css HTTP/1.1" 200 4843
::1 - - [28/Oct/2023:22:55:37 +0300] "GET /js/events.js HTTP/1.1" 304 -
::1 - - [28/Oct/2023:23:02:16 +0300] "POST /addRow.php HTTP/1.1" 200 -
::1 - - [28/Oct/2023:23:02:19 +0300] "GET /db.php HTTP/1.1" 200 10044
::1 - - [28/Oct/2023:23:02:26 +0300] "GET /db.php HTTP/1.1" 200 10044
::1 - - [28/Oct/2023:23:02:30 +0300] "POST /addRow.php HTTP/1.1" 302 -
::1 - - [28/Oct/2023:23:02:30 +0300] "GET /db.php HTTP/1.1" 200 10428
::1 - - [28/Oct/2023:23:02:33 +0300] "GET /db.php HTTP/1.1" 200 10428
::1 - - [28/Oct/2023:23:02:46 +0300] "GET /db.php HTTP/1.1" 200 10044
::1 - - [28/Oct/2023:23:03:46 +0300] "-" 408 -
::1 - - [28/Oct/2023:23:04:57 +0300] "GET /db.php HTTP/1.1" 200 182
::1 - - [28/Oct/2023:23:05:06 +0300] "GET /db.php HTTP/1.1" 200 10228
::1 - - [28/Oct/2023:23:06:06 +0300] "-" 408 -
::1 - - [28/Oct/2023:23:06:37 +0300] "GET /db.php HTTP/1.1" 200 187
::1 - - [28/Oct/2023:23:07:29 +0300] "GET /db.php HTTP/1.1" 200 10755
::1 - - [28/Oct/2023:23:08:29 +0300] "-" 408 -
::1 - - [28/Oct/2023:23:18:17 +0300] "GET /form.html HTTP/1.1" 304 -
::1 - - [28/Oct/2023:23:18:17 +0300] "GET /css/styles.css HTTP/1.1" 304 -
::1 - - [28/Oct/2023:23:19:17 +0300] "-" 408 -
::1 - - [28/Oct/2023:23:20:44 +0300] "GET /form.html HTTP/1.1" 304 -
::1 - - [28/Oct/2023:23:20:47 +0300] "GET /db.php HTTP/1.1" 200 10816
::1 - - [28/Oct/2023:23:21:11 +0300] "GET /db.php HTTP/1.1" 200 10835
::1 - - [28/Oct/2023:23:21:19 +0300] "GET /db.php HTTP/1.1" 200 10834
::1 - - [28/Oct/2023:23:21:26 +0300] "GET /db.php HTTP/1.1" 200 10811
::1 - - [28/Oct/2023:23:22:26 +0300] "-" 408 -
::1 - - [28/Oct/2023:23:23:24 +0300] "GET /db.php HTTP/1.1" 200 10810
::1 - - [28/Oct/2023:23:24:11 +0300] "GET /db.php HTTP/1.1" 200 10832
::1 - - [28/Oct/2023:23:24:26 +0300] "GET /db.php HTTP/1.1" 200 10830
::1 - - [28/Oct/2023:23:24:30 +0300] "GET /db.php HTTP/1.1" 200 10830
::1 - - [28/Oct/2023:23:24:42 +0300] "GET /db.php HTTP/1.1" 200 10831
::1 - - [28/Oct/2023:23:25:28 +0300] "GET /db.php HTTP/1.1" 200 10831
::1 - - [28/Oct/2023:23:25:51 +0300] "GET /db.php HTTP/1.1" 200 10827
::1 - - [28/Oct/2023:23:26:11 +0300] "GET /db.php HTTP/1.1" 200 10811
::1 - - [28/Oct/2023:23:26:16 +0300] "GET /db.php HTTP/1.1" 200 10811
::1 - - [28/Oct/2023:23:26:46 +0300] "GET /db.php HTTP/1.1" 200 10820
::1 - - [28/Oct/2023:23:27:10 +0300] "GET /db.php HTTP/1.1" 200 10863
::1 - - [28/Oct/2023:23:27:28 +0300] "GET /db.php HTTP/1.1" 200 10863
::1 - - [28/Oct/2023:23:27:38 +0300] "GET /db.php HTTP/1.1" 200 10881
::1 - - [28/Oct/2023:23:28:04 +0300] "GET /db.php HTTP/1.1" 200 10898
::1 - - [28/Oct/2023:23:28:14 +0300] "GET /db.php HTTP/1.1" 200 10898
::1 - - [28/Oct/2023:23:29:14 +0300] "-" 408 -
::1 - - [28/Oct/2023:23:29:17 +0300] "GET /db.php HTTP/1.1" 200 10922
::1 - - [28/Oct/2023:23:29:31 +0300] "GET /db.php HTTP/1.1" 200 10951
::1 - - [28/Oct/2023:23:29:47 +0300] "GET /db.php HTTP/1.1" 200 10951
::1 - - [28/Oct/2023:23:29:47 +0300] "GET /db.php HTTP/1.1" 200 10951
::1 - - [28/Oct/2023:23:29:51 +0300] "GET /db.php HTTP/1.1" 200 10922
::1 - - [28/Oct/2023:23:30:44 +0300] "GET /db.php HTTP/1.1" 200 11128
::1 - - [28/Oct/2023:23:31:12 +0300] "GET /db.php HTTP/1.1" 200 11127
::1 - - [28/Oct/2023:23:32:03 +0300] "GET /db.php HTTP/1.1" 200 11151
::1 - - [28/Oct/2023:23:32:09 +0300] "GET /db.php HTTP/1.1" 200 11152
::1 - - [28/Oct/2023:23:33:09 +0300] "-" 408 -
::1 - - [28/Oct/2023:23:33:39 +0300] "GET /db.php HTTP/1.1" 200 11124
::1 - - [28/Oct/2023:23:34:03 +0300] "GET /db.php HTTP/1.1" 200 11131
::1 - - [28/Oct/2023:23:34:15 +0300] "GET /db.php HTTP/1.1" 200 11156
::1 - - [28/Oct/2023:23:35:15 +0300] "-" 408 -
::1 - - [28/Oct/2023:23:36:40 +0300] "GET /db.php HTTP/1.1" 200 11180
::1 - - [28/Oct/2023:23:36:45 +0300] "GET /db.php HTTP/1.1" 200 11166
::1 - - [28/Oct/2023:23:36:58 +0300] "GET /db.php HTTP/1.1" 200 11184
::1 - - [28/Oct/2023:23:37:51 +0300] "GET /db.php HTTP/1.1" 200 11184
::1 - - [28/Oct/2023:23:38:07 +0300] "GET /db.php HTTP/1.1" 200 11199
::1 - - [28/Oct/2023:23:38:15 +0300] "GET /db.php HTTP/1.1" 200 11213
::1 - - [28/Oct/2023:23:38:33 +0300] "GET /db.php HTTP/1.1" 200 11206
::1 - - [28/Oct/2023:23:38:39 +0300] "GET /db.php HTTP/1.1" 200 11205
::1 - - [28/Oct/2023:23:38:40 +0300] "GET /db.php HTTP/1.1" 200 11205
::1 - - [28/Oct/2023:23:38:45 +0300] "GET /db.php HTTP/1.1" 200 11205
::1 - - [28/Oct/2023:23:38:57 +0300] "GET /db.php HTTP/1.1" 200 11198
::1 - - [28/Oct/2023:23:39:05 +0300] "GET /db.php HTTP/1.1" 200 11199
::1 - - [28/Oct/2023:23:39:20 +0300] "GET /db.php HTTP/1.1" 200 11198
::1 - - [28/Oct/2023:23:39:27 +0300] "GET /db.php HTTP/1.1" 200 11198
::1 - - [28/Oct/2023:23:39:31 +0300] "GET /db.php HTTP/1.1" 200 11198
::1 - - [28/Oct/2023:23:39:34 +0300] "GET /db.php HTTP/1.1" 200 11198
::1 - - [28/Oct/2023:23:39:38 +0300] "GET /db.php HTTP/1.1" 200 11198
::1 - - [28/Oct/2023:23:39:42 +0300] "GET /db.php HTTP/1.1" 200 11198
::1 - - [28/Oct/2023:23:39:55 +0300] "GET /db.php HTTP/1.1" 200 11197
::1 - - [28/Oct/2023:23:39:59 +0300] "GET /db.php HTTP/1.1" 200 11197
::1 - - [28/Oct/2023:23:40:47 +0300] "GET /db.php HTTP/1.1" 200 11246
::1 - - [28/Oct/2023:23:40:58 +0300] "GET /db.php HTTP/1.1" 200 11248
::1 - - [28/Oct/2023:23:41:36 +0300] "GET /db.php HTTP/1.1" 200 11248
::1 - - [28/Oct/2023:23:42:10 +0300] "GET /db.php HTTP/1.1" 200 11270
::1 - - [28/Oct/2023:23:42:10 +0300] "GET /css/styles.css HTTP/1.1" 304 -
::1 - - [28/Oct/2023:23:43:03 +0300] "GET /db.php HTTP/1.1" 200 11321
::1 - - [28/Oct/2023:23:43:31 +0300] "GET /db.php HTTP/1.1" 200 11350
::1 - - [28/Oct/2023:23:43:41 +0300] "GET /db.php HTTP/1.1" 200 11328
::1 - - [28/Oct/2023:23:43:51 +0300] "GET /db.php HTTP/1.1" 200 11328
::1 - - [28/Oct/2023:23:44:51 +0300] "-" 408 -
::1 - - [28/Oct/2023:23:45:25 +0300] "GET /db.php HTTP/1.1" 200 11328
::1 - - [28/Oct/2023:23:46:25 +0300] "-" 408 -
::1 - - [28/Oct/2023:23:47:31 +0300] "POST /addRow.php HTTP/1.1" 302 -
::1 - - [28/Oct/2023:23:47:31 +0300] "GET /db.php HTTP/1.1" 200 11328
::1 - - [28/Oct/2023:23:47:38 +0300] "POST /addRow.php HTTP/1.1" 302 -
::1 - - [28/Oct/2023:23:47:38 +0300] "GET /db.php HTTP/1.1" 200 11727
::1 - - [28/Oct/2023:23:47:51 +0300] "GET /db.php HTTP/1.1" 200 11328
::1 - - [28/Oct/2023:23:48:06 +0300] "GET /db.php HTTP/1.1" 200 11350
::1 - - [28/Oct/2023:23:49:06 +0300] "-" 408 -
::1 - - [28/Oct/2023:23:49:16 +0300] "GET /index.html HTTP/1.1" 304 -
::1 - - [28/Oct/2023:23:49:18 +0300] "GET /second.html HTTP/1.1" 304 -
::1 - - [28/Oct/2023:23:49:20 +0300] "GET /js1.html HTTP/1.1" 304 -
::1 - - [28/Oct/2023:23:49:22 +0300] "GET /db.php HTTP/1.1" 200 11350
::1 - - [28/Oct/2023:23:49:50 +0300] "GET /db.php HTTP/1.1" 200 11346
::1 - - [28/Oct/2023:23:49:52 +0300] "GET /db.php HTTP/1.1" 200 11346
::1 - - [28/Oct/2023:23:50:50 +0300] "-" 408 -
::1 - - [28/Oct/2023:23:50:54 +0300] "GET /db.php HTTP/1.1" 200 11395
::1 - - [28/Oct/2023:23:51:08 +0300] "GET /db.php HTTP/1.1" 200 11391
::1 - - [28/Oct/2023:23:51:20 +0300] "GET /db.php HTTP/1.1" 200 11391
::1 - - [28/Oct/2023:23:51:23 +0300] "GET /db.php HTTP/1.1" 200 11391
::1 - - [28/Oct/2023:23:51:31 +0300] "GET /db.php HTTP/1.1" 200 11398
::1 - - [28/Oct/2023:23:51:49 +0300] "GET /db.php HTTP/1.1" 200 11420
::1 - - [28/Oct/2023:23:51:54 +0300] "GET /db.php HTTP/1.1" 200 11420
::1 - - [28/Oct/2023:23:52:39 +0300] "GET /db.php HTTP/1.1" 200 11436
::1 - - [28/Oct/2023:23:52:41 +0300] "GET /db.php HTTP/1.1" 200 11436
::1 - - [28/Oct/2023:23:52:44 +0300] "GET /db.php HTTP/1.1" 200 11436
::1 - - [28/Oct/2023:23:52:46 +0300] "GET /db.php HTTP/1.1" 200 11436
::1 - - [28/Oct/2023:23:52:47 +0300] "GET /db.php HTTP/1.1" 200 11410
::1 - - [28/Oct/2023:23:52:54 +0300] "GET /db.php HTTP/1.1" 200 11406
::1 - - [28/Oct/2023:23:52:59 +0300] "GET /db.php HTTP/1.1" 200 11406
::1 - - [28/Oct/2023:23:53:24 +0300] "GET /db.php HTTP/1.1" 200 11408
::1 - - [28/Oct/2023:23:54:08 +0300] "GET /db.php HTTP/1.1" 200 11414
::1 - - [28/Oct/2023:23:54:32 +0300] "GET /db.php HTTP/1.1" 200 11567
::1 - - [28/Oct/2023:23:54:42 +0300] "GET /db.php HTTP/1.1" 200 11567
::1 - - [28/Oct/2023:23:54:52 +0300] "GET /db.php HTTP/1.1" 200 11567
::1 - - [28/Oct/2023:23:55:25 +0300] "GET /db.php HTTP/1.1" 200 11590
::1 - - [28/Oct/2023:23:56:25 +0300] "-" 408 -
::1 - - [28/Oct/2023:23:56:50 +0300] "GET /db.php HTTP/1.1" 200 11590
::1 - - [28/Oct/2023:23:56:52 +0300] "POST /addRow.php HTTP/1.1" 302 -
::1 - - [28/Oct/2023:23:56:52 +0300] "GET /db.php HTTP/1.1" 200 11590
::1 - - [28/Oct/2023:23:57:00 +0300] "POST /addRow.php HTTP/1.1" 302 -
::1 - - [28/Oct/2023:23:57:00 +0300] "GET /db.php HTTP/1.1" 200 11989
::1 - - [28/Oct/2023:23:57:04 +0300] "POST /addRow.php HTTP/1.1" 302 -
::1 - - [28/Oct/2023:23:57:04 +0300] "GET /db.php HTTP/1.1" 200 11989
::1 - - [28/Oct/2023:23:57:13 +0300] "GET /db.php HTTP/1.1" 200 11590
::1 - - [28/Oct/2023:23:57:48 +0300] "GET /db.php HTTP/1.1" 200 11592
::1 - - [28/Oct/2023:23:57:51 +0300] "POST /addRow.php HTTP/1.1" 302 -
::1 - - [28/Oct/2023:23:57:51 +0300] "GET /db.php HTTP/1.1" 200 11592
::1 - - [28/Oct/2023:23:58:48 +0300] "-" 408 -
::1 - - [28/Oct/2023:23:59:12 +0300] "GET /db.php HTTP/1.1" 200 11746
::1 - - [28/Oct/2023:23:59:52 +0300] "GET /db.php HTTP/1.1" 200 11750
::1 - - [29/Oct/2023:00:00:52 +0300] "-" 408 -
::1 - - [29/Oct/2023:00:02:43 +0300] "GET /db.php HTTP/1.1" 200 7620
::1 - - [29/Oct/2023:00:02:58 +0300] "GET /db.php HTTP/1.1" 200 7620
::1 - - [29/Oct/2023:00:03:08 +0300] "GET /db.php HTTP/1.1" 200 7619
::1 - - [29/Oct/2023:00:04:08 +0300] "-" 408 -
::1 - - [29/Oct/2023:00:07:20 +0300] "GET /db.php HTTP/1.1" 200 8504
::1 - - [29/Oct/2023:00:07:21 +0300] "GET /db.php HTTP/1.1" 200 8504
::1 - - [29/Oct/2023:00:08:20 +0300] "-" 408 -
::1 - - [29/Oct/2023:00:08:46 +0300] "GET /db.php HTTP/1.1" 200 8659
::1 - - [29/Oct/2023:00:08:46 +0300] "GET /css/styles.css HTTP/1.1" 304 -
::1 - - [29/Oct/2023:00:09:10 +0300] "GET /db.php HTTP/1.1" 200 8799
::1 - - [29/Oct/2023:00:09:25 +0300] "GET /db.php HTTP/1.1" 200 8832
::1 - - [29/Oct/2023:00:09:36 +0300] "POST /eraseRow.php HTTP/1.1" 404 196
::1 - - [29/Oct/2023:00:10:25 +0300] "GET /db.php HTTP/1.1" 200 8832
::1 - - [29/Oct/2023:00:10:26 +0300] "POST /eraseRow.php HTTP/1.1" 302 3
::1 - - [29/Oct/2023:00:10:26 +0300] "GET /db.php HTTP/1.1" 200 8832
::1 - - [29/Oct/2023:00:10:28 +0300] "POST /eraseRow.php HTTP/1.1" 302 3
::1 - - [29/Oct/2023:00:10:28 +0300] "GET /db.php HTTP/1.1" 200 8832
::1 - - [29/Oct/2023:00:10:28 +0300] "POST /eraseRow.php HTTP/1.1" 302 3
::1 - - [29/Oct/2023:00:10:28 +0300] "GET /db.php HTTP/1.1" 200 8832
::1 - - [29/Oct/2023:00:10:29 +0300] "POST /eraseRow.php HTTP/1.1" 302 3
::1 - - [29/Oct/2023:00:10:29 +0300] "GET /db.php HTTP/1.1" 200 8832
::1 - - [29/Oct/2023:00:11:25 +0300] "-" 408 -
::1 - - [29/Oct/2023:00:11:49 +0300] "GET /db.php HTTP/1.1" 200 8832
::1 - - [29/Oct/2023:00:12:49 +0300] "-" 408 -
::1 - - [29/Oct/2023:00:14:22 +0300] "POST /addRow.php HTTP/1.1" 302 -
::1 - - [29/Oct/2023:00:14:22 +0300] "GET /db.php HTTP/1.1" 200 9456
::1 - - [29/Oct/2023:00:15:22 +0300] "-" 408 -
::1 - - [29/Oct/2023:00:18:31 +0300] "GET /db.php HTTP/1.1" 200 8832
::1 - - [29/Oct/2023:00:18:37 +0300] "POST /addRow.php HTTP/1.1" 302 -
::1 - - [29/Oct/2023:00:18:37 +0300] "GET /db.php HTTP/1.1" 200 9458
::1 - - [29/Oct/2023:00:19:10 +0300] "GET /db.php HTTP/1.1" 200 8832
::1 - - [29/Oct/2023:00:19:36 +0300] "POST /addRow.php HTTP/1.1" 302 -
::1 - - [29/Oct/2023:00:19:36 +0300] "GET /db.php HTTP/1.1" 200 9455
::1 - - [29/Oct/2023:00:20:36 +0300] "-" 408 -
::1 - - [29/Oct/2023:00:22:24 +0300] "GET /db.php HTTP/1.1" 200 9448
::1 - - [29/Oct/2023:00:22:25 +0300] "GET /db.php HTTP/1.1" 200 9448
::1 - - [29/Oct/2023:00:22:26 +0300] "GET /db.php HTTP/1.1" 200 9448
::1 - - [29/Oct/2023:00:22:27 +0300] "GET /db.php HTTP/1.1" 200 9448
::1 - - [29/Oct/2023:00:22:27 +0300] "GET /db.php HTTP/1.1" 200 9448
::1 - - [29/Oct/2023:00:22:27 +0300] "GET /db.php HTTP/1.1" 200 9448
::1 - - [29/Oct/2023:00:22:27 +0300] "GET /db.php HTTP/1.1" 200 9448
::1 - - [29/Oct/2023:00:22:28 +0300] "GET /db.php HTTP/1.1" 200 9448
::1 - - [29/Oct/2023:00:22:54 +0300] "GET /db.php HTTP/1.1" 200 8832
::1 - - [29/Oct/2023:00:23:04 +0300] "POST /addRow.php HTTP/1.1" 302 -
::1 - - [29/Oct/2023:00:23:04 +0300] "GET /db.php HTTP/1.1" 200 9455
::1 - - [29/Oct/2023:00:24:04 +0300] "-" 408 -
::1 - - [29/Oct/2023:00:24:09 +0300] "GET /db.php HTTP/1.1" 200 9448
::1 - - [29/Oct/2023:00:24:16 +0300] "GET /db.php HTTP/1.1" 200 8832
::1 - - [29/Oct/2023:00:24:22 +0300] "POST /addRow.php HTTP/1.1" 302 -
::1 - - [29/Oct/2023:00:24:22 +0300] "GET /db.php HTTP/1.1" 200 9470
::1 - - [29/Oct/2023:00:24:23 +0300] "POST /eraseRow.php HTTP/1.1" 302 -
::1 - - [29/Oct/2023:00:24:23 +0300] "GET /db.php HTTP/1.1" 200 9457
::1 - - [29/Oct/2023:00:24:27 +0300] "GET /db.php HTTP/1.1" 200 9457
::1 - - [29/Oct/2023:00:25:22 +0300] "-" 408 -
::1 - - [29/Oct/2023:00:25:27 +0300] "GET /db.php HTTP/1.1" 200 9457
::1 - - [29/Oct/2023:00:26:25 +0300] "GET /db.php HTTP/1.1" 200 10184
::1 - - [29/Oct/2023:00:26:55 +0300] "GET /db.php HTTP/1.1" 200 9559
::1 - - [29/Oct/2023:00:27:02 +0300] "POST /eraseRow.php HTTP/1.1" 302 -
::1 - - [29/Oct/2023:00:27:02 +0300] "GET /db.php HTTP/1.1" 200 8832
::1 - - [29/Oct/2023:00:27:04 +0300] "GET /db.php HTTP/1.1" 200 8832
::1 - - [29/Oct/2023:00:28:02 +0300] "-" 408 -
::1 - - [29/Oct/2023:00:31:53 +0300] "GET /db.php HTTP/1.1" 200 8829
::1 - - [29/Oct/2023:00:32:53 +0300] "-" 408 -
::1 - - [29/Oct/2023:00:54:52 +0300] "GET /db.php HTTP/1.1" 200 8829
::1 - - [29/Oct/2023:00:54:52 +0300] "GET /css/styles.css HTTP/1.1" 304 -
::1 - - [29/Oct/2023:00:54:56 +0300] "POST /addRow.php HTTP/1.1" 302 -
::1 - - [29/Oct/2023:00:54:56 +0300] "GET /db.php HTTP/1.1" 200 9452
::1 - - [29/Oct/2023:00:54:57 +0300] "POST /eraseRow.php HTTP/1.1" 200 249
::1 - - [29/Oct/2023:00:55:52 +0300] "-" 408 -
::1 - - [29/Oct/2023:00:56:57 +0300] "GET /db.php HTTP/1.1" 200 9452
::1 - - [29/Oct/2023:00:56:59 +0300] "POST /eraseRow.php HTTP/1.1" 200 249
::1 - - [29/Oct/2023:00:57:57 +0300] "-" 408 -
::1 - - [29/Oct/2023:01:00:28 +0300] "GET /db.php HTTP/1.1" 200 9452
::1 - - [29/Oct/2023:01:00:29 +0300] "POST /eraseRow.php HTTP/1.1" 200 436
::1 - - [29/Oct/2023:01:01:27 +0300] "-" 408 -
::1 - - [29/Oct/2023:01:03:12 +0300] "GET /db.php HTTP/1.1" 200 8829
::1 - - [29/Oct/2023:01:03:16 +0300] "POST /addRow.php HTTP/1.1" 302 -
::1 - - [29/Oct/2023:01:03:16 +0300] "GET /db.php HTTP/1.1" 200 9452
::1 - - [29/Oct/2023:01:03:19 +0300] "POST /eraseRow.php HTTP/1.1" 200 230
::1 - - [29/Oct/2023:01:04:11 +0300] "-" 408 -
::1 - - [29/Oct/2023:01:04:17 +0300] "GET /db.php HTTP/1.1" 200 9452
::1 - - [29/Oct/2023:01:04:19 +0300] "POST /eraseRow.php HTTP/1.1" 200 426
::1 - - [29/Oct/2023:01:04:42 +0300] "GET /db.php HTTP/1.1" 200 8829
::1 - - [29/Oct/2023:01:05:42 +0300] "-" 408 -
::1 - - [29/Oct/2023:01:08:07 +0300] "GET /db.php HTTP/1.1" 200 8830
::1 - - [29/Oct/2023:01:09:07 +0300] "-" 408 -
::1 - - [29/Oct/2023:01:11:09 +0300] "POST /addRow.php HTTP/1.1" 302 -
::1 - - [29/Oct/2023:01:11:09 +0300] "GET /db.php HTTP/1.1" 200 9460
::1 - - [29/Oct/2023:01:11:10 +0300] "POST /eraseRow.php HTTP/1.1" 302 -
::1 - - [29/Oct/2023:01:11:10 +0300] "GET /db.php HTTP/1.1" 200 8830
::1 - - [29/Oct/2023:01:11:36 +0300] "POST /eraseRow.php HTTP/1.1" 302 -
::1 - - [29/Oct/2023:01:11:36 +0300] "GET /db.php HTTP/1.1" 200 8106
::1 - - [29/Oct/2023:01:11:53 +0300] "GET /db.php HTTP/1.1" 200 8106
::1 - - [29/Oct/2023:01:11:55 +0300] "POST /eraseRow.php HTTP/1.1" 302 -
::1 - - [29/Oct/2023:01:11:55 +0300] "GET /db.php HTTP/1.1" 200 7383
::1 - - [29/Oct/2023:01:12:09 +0300] "POST /eraseRow.php HTTP/1.1" 302 -
::1 - - [29/Oct/2023:01:12:09 +0300] "GET /db.php HTTP/1.1" 200 6660
::1 - - [29/Oct/2023:01:12:09 +0300] "POST /eraseRow.php HTTP/1.1" 302 -
::1 - - [29/Oct/2023:01:12:09 +0300] "GET /db.php HTTP/1.1" 200 5940
::1 - - [29/Oct/2023:01:12:10 +0300] "POST /eraseRow.php HTTP/1.1" 302 -
::1 - - [29/Oct/2023:01:12:10 +0300] "GET /db.php HTTP/1.1" 200 5223
::1 - - [29/Oct/2023:01:12:14 +0300] "GET /db.php HTTP/1.1" 200 5223
::1 - - [29/Oct/2023:01:13:09 +0300] "-" 408 -
::1 - - [29/Oct/2023:01:22:23 +0300] "GET /db.php HTTP/1.1" 200 5223
::1 - - [29/Oct/2023:01:22:38 +0300] "GET /db.php HTTP/1.1" 200 8829
::1 - - [29/Oct/2023:01:23:09 +0300] "POST /addRow.php HTTP/1.1" 200 504
::1 - - [29/Oct/2023:01:23:55 +0300] "GET /db.php HTTP/1.1" 200 8829
::1 - - [29/Oct/2023:01:24:14 +0300] "POST /addRow.php HTTP/1.1" 200 504
::1 - - [29/Oct/2023:01:24:20 +0300] "POST /addRow.php HTTP/1.1" 200 323
::1 - - [29/Oct/2023:01:24:22 +0300] "GET /db.php HTTP/1.1" 200 8829
::1 - - [29/Oct/2023:01:24:25 +0300] "POST /addRow.php HTTP/1.1" 200 468
::1 - - [29/Oct/2023:01:25:20 +0300] "-" 408 -
::1 - - [29/Oct/2023:01:26:30 +0300] "GET /db.php HTTP/1.1" 200 8829
::1 - - [29/Oct/2023:01:26:44 +0300] "POST /addRow.php HTTP/1.1" 200 323
::1 - - [29/Oct/2023:01:27:44 +0300] "-" 408 -
::1 - - [29/Oct/2023:01:29:29 +0300] "GET /db.php HTTP/1.1" 200 8829
::1 - - [29/Oct/2023:01:29:29 +0300] "GET /css/styles.css HTTP/1.1" 304 -
::1 - - [29/Oct/2023:01:29:43 +0300] "POST /addRow.php HTTP/1.1" 200 323
::1 - - [29/Oct/2023:01:30:43 +0300] "-" 408 -
::1 - - [29/Oct/2023:01:33:46 +0300] "GET /db.php HTTP/1.1" 200 8829
::1 - - [29/Oct/2023:01:34:00 +0300] "POST /addRow.php HTTP/1.1" 302 -
::1 - - [29/Oct/2023:01:34:00 +0300] "GET /db.php HTTP/1.1" 200 9552
::1 - - [29/Oct/2023:01:34:50 +0300] "POST /addRow.php HTTP/1.1" 200 226
::1 - - [29/Oct/2023:01:35:50 +0300] "-" 408 -
::1 - - [29/Oct/2023:01:36:39 +0300] "POST /addRow.php HTTP/1.1" 302 -
::1 - - [29/Oct/2023:01:36:39 +0300] "GET /db.php HTTP/1.1" 200 10277
::1 - - [29/Oct/2023:01:36:43 +0300] "GET /db.php HTTP/1.1" 200 10277
::1 - - [29/Oct/2023:01:36:45 +0300] "GET /db.php HTTP/1.1" 200 10277
::1 - - [29/Oct/2023:01:37:07 +0300] "POST /addRow.php HTTP/1.1" 302 -
::1 - - [29/Oct/2023:01:37:07 +0300] "GET /db.php HTTP/1.1" 200 10277
::1 - - [29/Oct/2023:01:37:12 +0300] "POST /addRow.php HTTP/1.1" 302 -
::1 - - [29/Oct/2023:01:37:12 +0300] "GET /db.php HTTP/1.1" 200 10277
::1 - - [29/Oct/2023:01:37:51 +0300] "GET /index.html HTTP/1.1" 304 -
::1 - - [29/Oct/2023:01:37:52 +0300] "GET /second.html HTTP/1.1" 304 -
::1 - - [29/Oct/2023:01:38:51 +0300] "-" 408 -
::1 - - [29/Oct/2023:01:39:10 +0300] "GET /index.html HTTP/1.1" 304 -
::1 - - [29/Oct/2023:01:39:11 +0300] "GET /index.html HTTP/1.1" 304 -
::1 - - [29/Oct/2023:01:39:20 +0300] "GET /index.html HTTP/1.1" 304 -
::1 - - [29/Oct/2023:01:39:23 +0300] "GET /index.html HTTP/1.1" 304 -
::1 - - [29/Oct/2023:01:39:27 +0300] "GET /index.html HTTP/1.1" 304 -
::1 - - [29/Oct/2023:01:39:28 +0300] "GET /db.php HTTP/1.1" 200 10277
::1 - - [29/Oct/2023:01:39:30 +0300] "GET /db.php HTTP/1.1" 200 10277
::1 - - [29/Oct/2023:01:40:20 +0300] "-" 408 -
::1 - - [29/Oct/2023:01:41:48 +0300] "-" 408 -
::1 - - [29/Oct/2023:01:41:48 +0300] "-" 408 -
::1 - - [29/Oct/2023:01:42:14 +0300] "GET /index.html HTTP/1.1" 200 20424
::1 - - [29/Oct/2023:01:42:43 +0300] "GET /index.html HTTP/1.1" 200 20442
::1 - - [29/Oct/2023:01:43:27 +0300] "GET /index.html HTTP/1.1" 200 20451
::1 - - [29/Oct/2023:01:43:27 +0300] "GET /index.html HTTP/1.1" 304 -
::1 - - [29/Oct/2023:01:43:35 +0300] "GET /index.html HTTP/1.1" 304 -
::1 - - [29/Oct/2023:01:44:35 +0300] "-" 408 -
::1 - - [29/Oct/2023:01:44:36 +0300] "GET /index.html HTTP/1.1" 304 -
::1 - - [29/Oct/2023:01:44:37 +0300] "GET /index.html HTTP/1.1" 304 -
::1 - - [29/Oct/2023:01:44:37 +0300] "GET /index.html HTTP/1.1" 304 -
::1 - - [29/Oct/2023:01:44:37 +0300] "GET /index.html HTTP/1.1" 304 -
::1 - - [29/Oct/2023:01:45:36 +0300] "-" 408 -
::1 - - [29/Oct/2023:01:46:50 +0300] "GET /index.html HTTP/1.1" 200 20405
::1 - - [29/Oct/2023:01:47:35 +0300] "GET /index.html HTTP/1.1" 200 20405
::1 - - [29/Oct/2023:01:47:41 +0300] "GET /index.html HTTP/1.1" 304 -
::1 - - [29/Oct/2023:01:47:42 +0300] "GET /index.html HTTP/1.1" 304 -
::1 - - [29/Oct/2023:01:47:42 +0300] "GET /index.html HTTP/1.1" 304 -
::1 - - [29/Oct/2023:01:48:41 +0300] "-" 408 -
::1 - - [29/Oct/2023:01:49:45 +0300] "GET /index.html HTTP/1.1" 304 -
::1 - - [29/Oct/2023:01:50:05 +0300] "GET /index.html HTTP/1.1" 200 20440
::1 - - [29/Oct/2023:01:50:05 +0300] "GET /index.html HTTP/1.1" 304 -
::1 - - [29/Oct/2023:01:50:40 +0300] "GET /index.html HTTP/1.1" 304 -
::1 - - [29/Oct/2023:01:50:46 +0300] "GET /index.htm HTTP/1.1" 404 196
::1 - - [29/Oct/2023:01:50:49 +0300] "GET /index.html HTTP/1.1" 304 -
::1 - - [29/Oct/2023:01:51:26 +0300] "GET /source.html HTTP/1.1" 304 -
::1 - - [29/Oct/2023:01:51:38 +0300] "GET /js1.html HTTP/1.1" 304 -
::1 - - [29/Oct/2023:01:51:41 +0300] "GET /form.html HTTP/1.1" 304 -
::1 - - [29/Oct/2023:01:51:41 +0300] "GET /images/confirm.png HTTP/1.1" 304 -
::1 - - [29/Oct/2023:01:51:44 +0300] "GET /db.php HTTP/1.1" 200 10277
::1 - - [29/Oct/2023:01:51:50 +0300] "POST /eraseRow.php HTTP/1.1" 302 -
::1 - - [29/Oct/2023:01:51:50 +0300] "GET /db.php HTTP/1.1" 200 9552
::1 - - [29/Oct/2023:01:51:51 +0300] "POST /eraseRow.php HTTP/1.1" 302 -
::1 - - [29/Oct/2023:01:51:51 +0300] "GET /db.php HTTP/1.1" 200 8829
::1 - - [29/Oct/2023:01:52:16 +0300] "GET /index.html HTTP/1.1" 304 -
::1 - - [29/Oct/2023:01:52:18 +0300] "GET /index.html HTTP/1.1" 304 -
::1 - - [29/Oct/2023:01:52:34 +0300] "GET /index.html HTTP/1.1" 304 -
::1 - - [29/Oct/2023:01:53:34 +0300] "-" 408 -
::1 - - [29/Oct/2023:13:33:23 +0300] "GET / HTTP/1.1" 200 20440
::1 - - [29/Oct/2023:13:33:23 +0300] "GET /js/events.js HTTP/1.1" 304 -
::1 - - [29/Oct/2023:13:33:23 +0300] "GET /css/styles.css HTTP/1.1" 200 4916
::1 - - [29/Oct/2023:13:33:25 +0300] "GET /form.html HTTP/1.1" 304 -
::1 - - [29/Oct/2023:13:33:25 +0300] "GET /images/confirm.png HTTP/1.1" 304 -
::1 - - [29/Oct/2023:13:33:28 +0300] "GET /index.html HTTP/1.1" 200 20440
::1 - - [29/Oct/2023:13:33:30 +0300] "GET /second.html HTTP/1.1" 304 -
::1 - - [29/Oct/2023:13:34:28 +0300] "-" 408 -
::1 - - [29/Oct/2023:13:34:58 +0300] "GET /second.html HTTP/1.1" 200 24697
::1 - - [29/Oct/2023:13:35:54 +0300] "-" 408 -
::1 - - [29/Oct/2023:13:40:33 +0300] "-" 408 -
::1 - - [29/Oct/2023:13:40:33 +0300] "-" 408 -
::1 - - [29/Oct/2023:13:41:47 +0300] "GET /db.php HTTP/1.1" 200 8829
::1 - - [29/Oct/2023:13:42:47 +0300] "-" 408 -
::1 - - [29/Oct/2023:13:43:45 +0300] "GET /second.html HTTP/1.1" 304 -
::1 - - [29/Oct/2023:13:44:28 +0300] "GET /second.html HTTP/1.1" 304 -
::1 - - [29/Oct/2023:13:44:31 +0300] "GET /second.html HTTP/1.1" 304 -
::1 - - [29/Oct/2023:13:44:36 +0300] "GET /index.html HTTP/1.1" 304 -
::1 - - [29/Oct/2023:13:44:54 +0300] "GET /index.html HTTP/1.1" 304 -
::1 - - [29/Oct/2023:13:44:55 +0300] "GET /index.html HTTP/1.1" 304 -
::1 - - [29/Oct/2023:13:44:55 +0300] "GET /index.html HTTP/1.1" 304 -
::1 - - [29/Oct/2023:13:45:04 +0300] "GET /index.html HTTP/1.1" 304 -
::1 - - [29/Oct/2023:13:46:04 +0300] "-" 408 -
::1 - - [29/Oct/2023:13:46:47 +0300] "GET /db.php HTTP/1.1" 200 8829
::1 - - [29/Oct/2023:13:47:47 +0300] "-" 408 -
::1 - - [29/Oct/2023:13:53:29 +0300] "POST /addRow.php HTTP/1.1" 302 -
::1 - - [29/Oct/2023:13:53:29 +0300] "GET /db.php HTTP/1.1" 200 9500
::1 - - [29/Oct/2023:13:53:31 +0300] "POST /eraseRow.php HTTP/1.1" 302 -
::1 - - [29/Oct/2023:13:53:31 +0300] "GET /db.php HTTP/1.1" 200 8829
::1 - - [29/Oct/2023:13:54:29 +0300] "-" 408 -
::1 - - [29/Oct/2023:14:02:57 +0300] "GET /second.html HTTP/1.1" 304 -
::1 - - [29/Oct/2023:14:03:57 +0300] "-" 408 -
::1 - - [29/Oct/2023:14:24:28 +0300] "GET /source.html HTTP/1.1" 304 -
::1 - - [29/Oct/2023:14:24:28 +0300] "GET /second.html HTTP/1.1" 304 -
::1 - - [29/Oct/2023:14:25:26 +0300] "-" 408 -
::1 - - [29/Oct/2023:15:18:54 +0300] "GET /db.php HTTP/1.1" 200 10980
::1 - - [29/Oct/2023:15:18:54 +0300] "GET /css/styles.css HTTP/1.1" 200 4916
::1 - - [29/Oct/2023:15:19:54 +0300] "-" 408 -
::1 - - [29/Oct/2023:15:21:08 +0300] "GET /db.php HTTP/1.1" 200 11005
::1 - - [29/Oct/2023:15:22:08 +0300] "-" 408 -
::1 - - [29/Oct/2023:15:22:16 +0300] "GET /db.php HTTP/1.1" 200 10274
::1 - - [29/Oct/2023:15:22:32 +0300] "GET /db.php HTTP/1.1" 200 9536
::1 - - [29/Oct/2023:15:23:32 +0300] "-" 408 -
::1 - - [29/Oct/2023:15:23:32 +0300] "GET /db.php HTTP/1.1" 200 9646
::1 - - [29/Oct/2023:15:23:48 +0300] "GET /db.php HTTP/1.1" 200 9600
::1 - - [29/Oct/2023:15:24:48 +0300] "-" 408 -
::1 - - [29/Oct/2023:15:25:00 +0300] "GET /second.html HTTP/1.1" 304 -
::1 - - [29/Oct/2023:15:25:02 +0300] "GET /db.php HTTP/1.1" 200 9602
::1 - - [29/Oct/2023:15:25:54 +0300] "GET /db.php HTTP/1.1" 200 9600
::1 - - [29/Oct/2023:15:26:05 +0300] "GET /db.php HTTP/1.1" 200 9600
::1 - - [29/Oct/2023:15:27:05 +0300] "-" 408 -
::1 - - [29/Oct/2023:15:30:53 +0300] "GET /db.php HTTP/1.1" 200 9600
::1 - - [29/Oct/2023:15:30:53 +0300] "GET /css/styles.css HTTP/1.1" 304 -
::1 - - [29/Oct/2023:15:31:01 +0300] "POST /addRow.php HTTP/1.1" 302 260
::1 - - [29/Oct/2023:15:31:01 +0300] "GET /db.php HTTP/1.1" 200 10223
::1 - - [29/Oct/2023:15:31:11 +0300] "POST /addRow.php HTTP/1.1" 302 130
::1 - - [29/Oct/2023:15:31:11 +0300] "GET /db.php HTTP/1.1" 200 10846
::1 - - [29/Oct/2023:15:32:11 +0300] "-" 408 -
::1 - - [29/Oct/2023:15:32:48 +0300] "GET /db.php HTTP/1.1" 200 9600
::1 - - [29/Oct/2023:15:33:48 +0300] "-" 408 -
::1 - - [29/Oct/2023:15:34:33 +0300] "GET /db.php HTTP/1.1" 200 9600
::1 - - [29/Oct/2023:15:35:33 +0300] "-" 408 -
::1 - - [29/Oct/2023:15:35:39 +0300] "POST /addRow.php HTTP/1.1" 302 260
::1 - - [29/Oct/2023:15:35:39 +0300] "GET /db.php HTTP/1.1" 200 10304
::1 - - [29/Oct/2023:15:35:52 +0300] "POST /eraseRow.php HTTP/1.1" 200 557
::1 - - [29/Oct/2023:15:35:52 +0300] "GET /favicon.ico HTTP/1.1" 404 196
::1 - - [29/Oct/2023:15:36:15 +0300] "GET /db.php HTTP/1.1" 200 10281
::1 - - [29/Oct/2023:15:36:17 +0300] "POST /eraseRow.php HTTP/1.1" 200 427
::1 - - [29/Oct/2023:15:37:13 +0300] "-" 408 -
::1 - - [29/Oct/2023:15:37:46 +0300] "GET /db.php HTTP/1.1" 200 10281
::1 - - [29/Oct/2023:15:37:55 +0300] "GET /db.php HTTP/1.1" 200 9600
::1 - - [29/Oct/2023:15:38:55 +0300] "-" 408 -
::1 - - [29/Oct/2023:15:39:12 +0300] "GET /db.php HTTP/1.1" 200 9600
::1 - - [29/Oct/2023:15:39:37 +0300] "POST /addRow.php HTTP/1.1" 200 579
::1 - - [29/Oct/2023:15:40:37 +0300] "-" 408 -
::1 - - [29/Oct/2023:15:42:34 +0300] "POST /addRow.php HTTP/1.1" 200 449
::1 - - [29/Oct/2023:15:43:03 +0300] "GET /db.php HTTP/1.1" 200 10281
::1 - - [29/Oct/2023:15:43:03 +0300] "GET /css/styles.css HTTP/1.1" 304 -
::1 - - [29/Oct/2023:15:43:05 +0300] "POST /eraseRow.php HTTP/1.1" 200 427
::1 - - [29/Oct/2023:15:44:03 +0300] "-" 408 -
::1 - - [29/Oct/2023:15:44:06 +0300] "GET /db.php HTTP/1.1" 200 9600
::1 - - [29/Oct/2023:15:44:39 +0300] "POST /addRow.php HTTP/1.1" 302 -
::1 - - [29/Oct/2023:15:44:39 +0300] "GET /db.php HTTP/1.1" 200 10311
::1 - - [29/Oct/2023:15:45:04 +0300] "POST /eraseRow.php HTTP/1.1" 302 -
::1 - - [29/Oct/2023:15:45:04 +0300] "GET /db.php HTTP/1.1" 200 9600
::1 - - [29/Oct/2023:15:45:19 +0300] "POST /eraseRow.php HTTP/1.1" 302 -
::1 - - [29/Oct/2023:15:45:19 +0300] "GET /db.php HTTP/1.1" 200 8879
::1 - - [29/Oct/2023:15:45:19 +0300] "POST /eraseRow.php HTTP/1.1" 302 -
::1 - - [29/Oct/2023:15:45:19 +0300] "GET /db.php HTTP/1.1" 200 8176
::1 - - [29/Oct/2023:15:45:20 +0300] "POST /eraseRow.php HTTP/1.1" 302 -
::1 - - [29/Oct/2023:15:45:20 +0300] "GET /db.php HTTP/1.1" 200 7461
::1 - - [29/Oct/2023:15:45:20 +0300] "POST /eraseRow.php HTTP/1.1" 302 -
::1 - - [29/Oct/2023:15:45:20 +0300] "GET /db.php HTTP/1.1" 200 6746
::1 - - [29/Oct/2023:15:45:20 +0300] "POST /eraseRow.php HTTP/1.1" 302 -
::1 - - [29/Oct/2023:15:45:20 +0300] "GET /db.php HTTP/1.1" 200 6043
::1 - - [29/Oct/2023:15:45:21 +0300] "POST /eraseRow.php HTTP/1.1" 302 -
::1 - - [29/Oct/2023:15:45:21 +0300] "GET /db.php HTTP/1.1" 200 5338
::1 - - [29/Oct/2023:15:45:24 +0300] "GET /db.php HTTP/1.1" 200 5338
::1 - - [29/Oct/2023:15:46:12 +0300] "GET /db.php HTTP/1.1" 200 9600
::1 - - [29/Oct/2023:15:46:38 +0300] "POST /eraseRow.php HTTP/1.1" 302 -
::1 - - [29/Oct/2023:15:46:38 +0300] "GET /db.php HTTP/1.1" 200 8879
::1 - - [29/Oct/2023:15:46:39 +0300] "POST /eraseRow.php HTTP/1.1" 302 -
::1 - - [29/Oct/2023:15:46:39 +0300] "GET /db.php HTTP/1.1" 200 8176
::1 - - [29/Oct/2023:15:46:39 +0300] "POST /eraseRow.php HTTP/1.1" 302 -
::1 - - [29/Oct/2023:15:46:39 +0300] "GET /db.php HTTP/1.1" 200 7461
::1 - - [29/Oct/2023:15:46:40 +0300] "POST /eraseRow.php HTTP/1.1" 302 -
::1 - - [29/Oct/2023:15:46:40 +0300] "GET /db.php HTTP/1.1" 200 6746
::1 - - [29/Oct/2023:15:46:40 +0300] "POST /eraseRow.php HTTP/1.1" 302 -
::1 - - [29/Oct/2023:15:46:40 +0300] "GET /db.php HTTP/1.1" 200 6041
::1 - - [29/Oct/2023:15:46:40 +0300] "POST /eraseRow.php HTTP/1.1" 302 -
::1 - - [29/Oct/2023:15:46:40 +0300] "GET /db.php HTTP/1.1" 200 5338
::1 - - [29/Oct/2023:15:46:41 +0300] "GET /db.php HTTP/1.1" 200 5338
::1 - - [29/Oct/2023:15:47:38 +0300] "-" 408 -
::1 - - [29/Oct/2023:15:48:48 +0300] "GET /db.php HTTP/1.1" 200 8010
::1 - - [29/Oct/2023:15:48:52 +0300] "POST /eraseRow.php HTTP/1.1" 200 427
::1 - - [29/Oct/2023:15:49:48 +0300] "-" 408 -
::1 - - [29/Oct/2023:15:50:04 +0300] "POST /eraseRow.php HTTP/1.1" 200 703
::1 - - [29/Oct/2023:15:50:48 +0300] "GET /db.php HTTP/1.1" 200 8010
::1 - - [29/Oct/2023:15:50:49 +0300] "POST /eraseRow.php HTTP/1.1" 302 -
::1 - - [29/Oct/2023:15:50:49 +0300] "GET /db.php HTTP/1.1" 200 8010
::1 - - [29/Oct/2023:15:50:49 +0300] "POST /eraseRow.php HTTP/1.1" 302 -
::1 - - [29/Oct/2023:15:50:49 +0300] "GET /db.php HTTP/1.1" 200 8010
::1 - - [29/Oct/2023:15:50:50 +0300] "POST /eraseRow.php HTTP/1.1" 302 -
::1 - - [29/Oct/2023:15:50:50 +0300] "GET /db.php HTTP/1.1" 200 8010
::1 - - [29/Oct/2023:15:50:50 +0300] "POST /eraseRow.php HTTP/1.1" 302 -
::1 - - [29/Oct/2023:15:50:50 +0300] "GET /db.php HTTP/1.1" 200 8010
::1 - - [29/Oct/2023:15:50:51 +0300] "POST /eraseRow.php HTTP/1.1" 302 -
::1 - - [29/Oct/2023:15:50:51 +0300] "GET /db.php HTTP/1.1" 200 8010
::1 - - [29/Oct/2023:15:50:51 +0300] "POST /eraseRow.php HTTP/1.1" 302 -
::1 - - [29/Oct/2023:15:50:51 +0300] "GET /db.php HTTP/1.1" 200 8010
::1 - - [29/Oct/2023:15:50:51 +0300] "POST /eraseRow.php HTTP/1.1" 302 -
::1 - - [29/Oct/2023:15:50:51 +0300] "GET /db.php HTTP/1.1" 200 8010
::1 - - [29/Oct/2023:15:50:52 +0300] "POST /eraseRow.php HTTP/1.1" 302 -
::1 - - [29/Oct/2023:15:50:52 +0300] "GET /db.php HTTP/1.1" 200 8010
::1 - - [29/Oct/2023:15:51:46 +0300] "-" 408 -
::1 - - [29/Oct/2023:15:55:17 +0300] "GET /db.php HTTP/1.1" 200 8014
::1 - - [29/Oct/2023:15:55:17 +0300] "GET /css/styles.css HTTP/1.1" 304 -
::1 - - [29/Oct/2023:15:55:34 +0300] "GET /db.php HTTP/1.1" 200 8014
::1 - - [29/Oct/2023:15:55:35 +0300] "GET /db.php HTTP/1.1" 200 8014
::1 - - [29/Oct/2023:15:55:35 +0300] "GET /db.php HTTP/1.1" 200 8014
::1 - - [29/Oct/2023:15:55:36 +0300] "GET /db.php HTTP/1.1" 200 8014
::1 - - [29/Oct/2023:15:55:36 +0300] "GET /db.php HTTP/1.1" 200 8014
::1 - - [29/Oct/2023:15:55:51 +0300] "GET /db.php HTTP/1.1" 200 5338
::1 - - [29/Oct/2023:15:56:51 +0300] "-" 408 -
::1 - - [29/Oct/2023:15:58:10 +0300] "GET /db.php HTTP/1.1" 200 8510
::1 - - [29/Oct/2023:15:59:04 +0300] "GET /db.php HTTP/1.1" 200 10344
::1 - - [29/Oct/2023:15:59:08 +0300] "GET /db.php HTTP/1.1" 200 10344
::1 - - [29/Oct/2023:15:59:38 +0300] "GET /db.php HTTP/1.1" 200 10344
::1 - - [29/Oct/2023:16:00:20 +0300] "GET /db.php HTTP/1.1" 200 9588
::1 - - [29/Oct/2023:16:00:36 +0300] "POST /eraseRow.php HTTP/1.1" 302 -
::1 - - [29/Oct/2023:16:00:36 +0300] "GET /db.php HTTP/1.1" 200 8869
::1 - - [29/Oct/2023:16:00:37 +0300] "POST /eraseRow.php HTTP/1.1" 302 -
::1 - - [29/Oct/2023:16:00:37 +0300] "GET /db.php HTTP/1.1" 200 8168
::1 - - [29/Oct/2023:16:00:37 +0300] "POST /eraseRow.php HTTP/1.1" 302 -
::1 - - [29/Oct/2023:16:00:37 +0300] "GET /db.php HTTP/1.1" 200 7455
::1 - - [29/Oct/2023:16:00:38 +0300] "POST /eraseRow.php HTTP/1.1" 302 -
::1 - - [29/Oct/2023:16:00:38 +0300] "GET /db.php HTTP/1.1" 200 6742
::1 - - [29/Oct/2023:16:00:38 +0300] "POST /eraseRow.php HTTP/1.1" 302 -
::1 - - [29/Oct/2023:16:00:38 +0300] "GET /db.php HTTP/1.1" 200 6039
::1 - - [29/Oct/2023:16:00:38 +0300] "POST /eraseRow.php HTTP/1.1" 302 -
::1 - - [29/Oct/2023:16:00:38 +0300] "GET /db.php HTTP/1.1" 200 5338
::1 - - [29/Oct/2023:16:00:48 +0300] "POST /addRow.php HTTP/1.1" 302 -
::1 - - [29/Oct/2023:16:00:48 +0300] "GET /db.php HTTP/1.1" 200 5974
::1 - - [29/Oct/2023:16:00:49 +0300] "POST /eraseRow.php HTTP/1.1" 302 -
::1 - - [29/Oct/2023:16:00:49 +0300] "GET /db.php HTTP/1.1" 200 5338
::1 - - [29/Oct/2023:16:00:51 +0300] "POST /addRow.php HTTP/1.1" 302 -
::1 - - [29/Oct/2023:16:00:51 +0300] "GET /db.php HTTP/1.1" 200 5338
::1 - - [29/Oct/2023:16:00:54 +0300] "POST /addRow.php HTTP/1.1" 302 -
::1 - - [29/Oct/2023:16:00:54 +0300] "GET /db.php HTTP/1.1" 200 5962
::1 - - [29/Oct/2023:16:00:56 +0300] "POST /addRow.php HTTP/1.1" 302 -
::1 - - [29/Oct/2023:16:00:56 +0300] "GET /db.php HTTP/1.1" 200 5962
::1 - - [29/Oct/2023:16:01:00 +0300] "POST /addRow.php HTTP/1.1" 302 -
::1 - - [29/Oct/2023:16:01:00 +0300] "GET /db.php HTTP/1.1" 200 6589
::1 - - [29/Oct/2023:16:01:01 +0300] "POST /eraseRow.php HTTP/1.1" 302 -
::1 - - [29/Oct/2023:16:01:01 +0300] "GET /db.php HTTP/1.1" 200 5965
::1 - - [29/Oct/2023:16:01:02 +0300] "POST /eraseRow.php HTTP/1.1" 302 -
::1 - - [29/Oct/2023:16:01:02 +0300] "GET /db.php HTTP/1.1" 200 5338
::1 - - [29/Oct/2023:16:01:15 +0300] "GET /db.php HTTP/1.1" 200 9588
::1 - - [29/Oct/2023:16:02:15 +0300] "-" 408 -
::1 - - [29/Oct/2023:16:02:45 +0300] "POST /eraseRow.php HTTP/1.1" 302 -
::1 - - [29/Oct/2023:16:02:45 +0300] "GET /db.php HTTP/1.1" 200 8887
::1 - - [29/Oct/2023:16:03:13 +0300] "POST /eraseRow.php HTTP/1.1" 302 -
::1 - - [29/Oct/2023:16:03:13 +0300] "GET /db.php HTTP/1.1" 200 8184
::1 - - [29/Oct/2023:16:03:22 +0300] "POST /eraseRow.php HTTP/1.1" 302 -
::1 - - [29/Oct/2023:16:03:22 +0300] "GET /db.php HTTP/1.1" 200 7471
::1 - - [29/Oct/2023:16:03:22 +0300] "POST /eraseRow.php HTTP/1.1" 302 -
::1 - - [29/Oct/2023:16:03:22 +0300] "GET /db.php HTTP/1.1" 200 6758
::1 - - [29/Oct/2023:16:03:22 +0300] "POST /eraseRow.php HTTP/1.1" 302 -
::1 - - [29/Oct/2023:16:03:22 +0300] "GET /db.php HTTP/1.1" 200 6057
::1 - - [29/Oct/2023:16:03:23 +0300] "POST /eraseRow.php HTTP/1.1" 302 -
::1 - - [29/Oct/2023:16:03:23 +0300] "GET /db.php HTTP/1.1" 200 5338
::1 - - [29/Oct/2023:16:03:26 +0300] "GET /db.php HTTP/1.1" 200 5338
::1 - - [29/Oct/2023:16:03:51 +0300] "GET /db.php HTTP/1.1" 200 9588
::1 - - [29/Oct/2023:16:04:51 +0300] "-" 408 -
::1 - - [29/Oct/2023:16:18:57 +0300] "GET /db.php HTTP/1.1" 200 16513
::1 - - [29/Oct/2023:16:18:57 +0300] "GET /css/styles.css HTTP/1.1" 304 -
::1 - - [29/Oct/2023:16:19:05 +0300] "GET /db.php HTTP/1.1" 200 16513
::1 - - [29/Oct/2023:16:19:32 +0300] "GET /db.php HTTP/1.1" 200 9596
::1 - - [29/Oct/2023:16:19:35 +0300] "POST /addRow.php HTTP/1.1" 302 -
::1 - - [29/Oct/2023:16:19:35 +0300] "GET /db.php HTTP/1.1" 200 9596
::1 - - [29/Oct/2023:16:19:59 +0300] "POST /addRow.php HTTP/1.1" 302 -
::1 - - [29/Oct/2023:16:19:59 +0300] "GET /db.php HTTP/1.1" 200 9596
::1 - - [29/Oct/2023:16:19:59 +0300] "POST /addRow.php HTTP/1.1" 302 -
::1 - - [29/Oct/2023:16:19:59 +0300] "GET /db.php HTTP/1.1" 200 9596
::1 - - [29/Oct/2023:16:20:00 +0300] "POST /addRow.php HTTP/1.1" 302 -
::1 - - [29/Oct/2023:16:20:00 +0300] "GET /db.php HTTP/1.1" 200 9596
::1 - - [29/Oct/2023:16:20:00 +0300] "POST /addRow.php HTTP/1.1" 302 -
::1 - - [29/Oct/2023:16:20:00 +0300] "GET /db.php HTTP/1.1" 200 9596
::1 - - [29/Oct/2023:16:20:00 +0300] "POST /addRow.php HTTP/1.1" 302 -
::1 - - [29/Oct/2023:16:20:00 +0300] "GET /db.php HTTP/1.1" 200 9596
::1 - - [29/Oct/2023:16:20:00 +0300] "POST /addRow.php HTTP/1.1" 302 -
::1 - - [29/Oct/2023:16:20:00 +0300] "GET /db.php HTTP/1.1" 200 9596
::1 - - [29/Oct/2023:16:20:01 +0300] "POST /addRow.php HTTP/1.1" 302 -
::1 - - [29/Oct/2023:16:20:01 +0300] "GET /db.php HTTP/1.1" 200 9596
::1 - - [29/Oct/2023:16:20:01 +0300] "POST /addRow.php HTTP/1.1" 302 -
::1 - - [29/Oct/2023:16:20:01 +0300] "GET /db.php HTTP/1.1" 200 9596
::1 - - [29/Oct/2023:16:20:03 +0300] "GET /db.php HTTP/1.1" 200 9596
::1 - - [29/Oct/2023:16:20:55 +0300] "GET /db.php HTTP/1.1" 200 9596
::1 - - [29/Oct/2023:16:20:56 +0300] "POST /addRow.php HTTP/1.1" 302 -
::1 - - [29/Oct/2023:16:20:56 +0300] "GET /db.php HTTP/1.1" 200 9596
::1 - - [29/Oct/2023:16:20:58 +0300] "POST /addRow.php HTTP/1.1" 302 -
::1 - - [29/Oct/2023:16:20:58 +0300] "GET /db.php HTTP/1.1" 200 9596
::1 - - [29/Oct/2023:16:20:59 +0300] "POST /addRow.php HTTP/1.1" 302 -
::1 - - [29/Oct/2023:16:20:59 +0300] "GET /db.php HTTP/1.1" 200 9596
::1 - - [29/Oct/2023:16:21:01 +0300] "POST /addRow.php HTTP/1.1" 302 -
::1 - - [29/Oct/2023:16:21:01 +0300] "GET /db.php HTTP/1.1" 200 9596
::1 - - [29/Oct/2023:16:21:02 +0300] "POST /addRow.php HTTP/1.1" 302 -
::1 - - [29/Oct/2023:16:21:02 +0300] "GET /db.php HTTP/1.1" 200 9596
::1 - - [29/Oct/2023:16:21:03 +0300] "POST /addRow.php HTTP/1.1" 302 -
::1 - - [29/Oct/2023:16:21:03 +0300] "GET /db.php HTTP/1.1" 200 9596
::1 - - [29/Oct/2023:16:21:05 +0300] "POST /addRow.php HTTP/1.1" 302 -
::1 - - [29/Oct/2023:16:21:05 +0300] "GET /db.php HTTP/1.1" 200 10217
::1 - - [29/Oct/2023:16:21:09 +0300] "POST /eraseRow.php HTTP/1.1" 302 -
::1 - - [29/Oct/2023:16:21:09 +0300] "GET /db.php HTTP/1.1" 200 9596
::1 - - [29/Oct/2023:16:21:10 +0300] "GET /db.php HTTP/1.1" 200 9596
::1 - - [29/Oct/2023:16:21:20 +0300] "GET / HTTP/1.1" 304 -
::1 - - [29/Oct/2023:16:21:22 +0300] "GET /db.php HTTP/1.1" 200 9596
::1 - - [29/Oct/2023:16:21:23 +0300] "POST /addRow.php HTTP/1.1" 302 -
::1 - - [29/Oct/2023:16:21:23 +0300] "GET /db.php HTTP/1.1" 200 9596
::1 - - [29/Oct/2023:16:21:39 +0300] "POST /addRow.php HTTP/1.1" 302 -
::1 - - [29/Oct/2023:16:21:39 +0300] "GET /db.php HTTP/1.1" 200 9596
::1 - - [29/Oct/2023:16:21:43 +0300] "POST /addRow.php HTTP/1.1" 200 319
::1 - - [29/Oct/2023:16:21:57 +0300] "GET /db.php HTTP/1.1" 200 10216
::1 - - [29/Oct/2023:16:21:59 +0300] "POST /eraseRow.php HTTP/1.1" 302 -
::1 - - [29/Oct/2023:16:21:59 +0300] "GET /db.php HTTP/1.1" 200 10216
::1 - - [29/Oct/2023:16:22:00 +0300] "POST /eraseRow.php HTTP/1.1" 302 -
::1 - - [29/Oct/2023:16:22:00 +0300] "GET /db.php HTTP/1.1" 200 10216
::1 - - [29/Oct/2023:16:22:01 +0300] "POST /eraseRow.php HTTP/1.1" 302 -
::1 - - [29/Oct/2023:16:22:01 +0300] "GET /db.php HTTP/1.1" 200 10216
::1 - - [29/Oct/2023:16:22:01 +0300] "POST /eraseRow.php HTTP/1.1" 302 -
::1 - - [29/Oct/2023:16:22:01 +0300] "GET /db.php HTTP/1.1" 200 10216
::1 - - [29/Oct/2023:16:22:12 +0300] "GET /db.php HTTP/1.1" 200 9596
::1 - - [29/Oct/2023:16:23:12 +0300] "-" 408 -
::1 - - [29/Oct/2023:16:23:46 +0300] "GET /second.html HTTP/1.1" 304 -
::1 - - [29/Oct/2023:16:24:07 +0300] "GET /second.html HTTP/1.1" 304 -
::1 - - [29/Oct/2023:16:24:10 +0300] "GET /second.html HTTP/1.1" 304 -
::1 - - [29/Oct/2023:16:24:58 +0300] "GET /index.html HTTP/1.1" 304 -
::1 - - [29/Oct/2023:16:25:15 +0300] "GET /form.html HTTP/1.1" 304 -
::1 - - [29/Oct/2023:16:25:26 +0300] "POST /cgi-bin/tutor5.py HTTP/1.1" 404 196
::1 - - [29/Oct/2023:16:25:40 +0300] "GET /db.php HTTP/1.1" 200 9596
::1 - - [29/Oct/2023:16:25:45 +0300] "POST /addRow.php HTTP/1.1" 302 -
::1 - - [29/Oct/2023:16:25:45 +0300] "GET /db.php HTTP/1.1" 200 9596
::1 - - [29/Oct/2023:16:26:40 +0300] "-" 408 -
::1 - - [29/Oct/2023:16:28:05 +0300] "GET /db.php HTTP/1.1" 200 9604
::1 - - [29/Oct/2023:16:28:07 +0300] "POST /addRow.php HTTP/1.1" 302 -
::1 - - [29/Oct/2023:16:28:07 +0300] "GET /db.php HTTP/1.1" 200 9604
::1 - - [29/Oct/2023:16:28:08 +0300] "GET /db.php HTTP/1.1" 200 9604
::1 - - [29/Oct/2023:16:28:09 +0300] "POST /addRow.php HTTP/1.1" 302 -
::1 - - [29/Oct/2023:16:28:09 +0300] "GET /db.php HTTP/1.1" 200 9604
::1 - - [29/Oct/2023:16:28:12 +0300] "POST /addRow.php HTTP/1.1" 302 -
::1 - - [29/Oct/2023:16:28:12 +0300] "GET /db.php HTTP/1.1" 200 9604
::1 - - [29/Oct/2023:16:28:14 +0300] "GET /db.php HTTP/1.1" 200 9604
::1 - - [29/Oct/2023:16:29:05 +0300] "-" 408 -
::1 - - [29/Oct/2023:16:29:08 +0300] "GET /db.php HTTP/1.1" 200 9604
::1 - - [29/Oct/2023:16:29:13 +0300] "GET /db.php HTTP/1.1" 200 9604
::1 - - [29/Oct/2023:16:29:14 +0300] "POST /addRow.php HTTP/1.1" 302 -
::1 - - [29/Oct/2023:16:29:14 +0300] "GET /db.php HTTP/1.1" 200 9604
::1 - - [29/Oct/2023:16:29:22 +0300] "GET /favicon.ico HTTP/1.1" 404 196
::1 - - [29/Oct/2023:16:29:57 +0300] "GET /db.php HTTP/1.1" 200 9604
::1 - - [29/Oct/2023:16:29:58 +0300] "POST /addRow.php HTTP/1.1" 302 -
::1 - - [29/Oct/2023:16:29:58 +0300] "GET /db.php HTTP/1.1" 200 9604
::1 - - [29/Oct/2023:16:30:49 +0300] "GET /db.php HTTP/1.1" 200 9604
::1 - - [29/Oct/2023:16:30:56 +0300] "POST /addRow.php HTTP/1.1" 302 -
::1 - - [29/Oct/2023:16:30:56 +0300] "GET /db.php HTTP/1.1" 200 9604
::1 - - [29/Oct/2023:16:30:56 +0300] "POST /addRow.php HTTP/1.1" 302 -
::1 - - [29/Oct/2023:16:30:56 +0300] "GET /db.php HTTP/1.1" 200 9604
::1 - - [29/Oct/2023:16:30:56 +0300] "POST /addRow.php HTTP/1.1" 302 -
::1 - - [29/Oct/2023:16:30:56 +0300] "GET /db.php HTTP/1.1" 200 9604
::1 - - [29/Oct/2023:16:30:56 +0300] "POST /addRow.php HTTP/1.1" 302 -
::1 - - [29/Oct/2023:16:30:56 +0300] "GET /db.php HTTP/1.1" 200 9604
::1 - - [29/Oct/2023:16:31:00 +0300] "POST /addRow.php HTTP/1.1" 302 -
::1 - - [29/Oct/2023:16:31:00 +0300] "GET /db.php HTTP/1.1" 200 9604
::1 - - [29/Oct/2023:16:31:02 +0300] "GET /db.php HTTP/1.1" 200 9604
::1 - - [29/Oct/2023:16:31:43 +0300] "GET /db.php HTTP/1.1" 200 9605
::1 - - [29/Oct/2023:16:31:44 +0300] "POST /addRow.php HTTP/1.1" 302 -
::1 - - [29/Oct/2023:16:31:44 +0300] "GET /db.php HTTP/1.1" 200 9605
::1 - - [29/Oct/2023:16:31:56 +0300] "GET /db.php HTTP/1.1" 200 9600
::1 - - [29/Oct/2023:16:31:57 +0300] "POST /addRow.php HTTP/1.1" 302 -
::1 - - [29/Oct/2023:16:31:57 +0300] "GET /db.php HTTP/1.1" 200 9600
::1 - - [29/Oct/2023:16:31:58 +0300] "POST /addRow.php HTTP/1.1" 302 -
::1 - - [29/Oct/2023:16:31:58 +0300] "GET /db.php HTTP/1.1" 200 9600
::1 - - [29/Oct/2023:16:31:58 +0300] "POST /addRow.php HTTP/1.1" 302 -
::1 - - [29/Oct/2023:16:31:58 +0300] "GET /db.php HTTP/1.1" 200 9600
::1 - - [29/Oct/2023:16:31:58 +0300] "POST /addRow.php HTTP/1.1" 302 -
::1 - - [29/Oct/2023:16:31:58 +0300] "GET /db.php HTTP/1.1" 200 9600
::1 - - [29/Oct/2023:16:31:58 +0300] "POST /addRow.php HTTP/1.1" 302 -
::1 - - [29/Oct/2023:16:31:58 +0300] "GET /db.php HTTP/1.1" 200 9600
::1 - - [29/Oct/2023:16:31:58 +0300] "POST /addRow.php HTTP/1.1" 302 -
::1 - - [29/Oct/2023:16:31:58 +0300] "GET /db.php HTTP/1.1" 200 9600
::1 - - [29/Oct/2023:16:31:58 +0300] "POST /addRow.php HTTP/1.1" 302 -
::1 - - [29/Oct/2023:16:31:58 +0300] "GET /db.php HTTP/1.1" 200 9600
::1 - - [29/Oct/2023:16:32:00 +0300] "POST /addRow.php HTTP/1.1" 302 -
::1 - - [29/Oct/2023:16:32:00 +0300] "GET /db.php HTTP/1.1" 200 9600
::1 - - [29/Oct/2023:16:32:35 +0300] "GET /db.php HTTP/1.1" 200 9605
::1 - - [29/Oct/2023:16:33:07 +0300] "GET /db.php HTTP/1.1" 200 9605
::1 - - [29/Oct/2023:16:33:09 +0300] "POST /addRow.php HTTP/1.1" 302 -
::1 - - [29/Oct/2023:16:33:09 +0300] "GET /db.php HTTP/1.1" 200 9605
::1 - - [29/Oct/2023:16:33:10 +0300] "POST /addRow.php HTTP/1.1" 302 -
::1 - - [29/Oct/2023:16:33:10 +0300] "GET /db.php HTTP/1.1" 200 9605
::1 - - [29/Oct/2023:16:33:10 +0300] "POST /addRow.php HTTP/1.1" 302 -
::1 - - [29/Oct/2023:16:33:10 +0300] "GET /db.php HTTP/1.1" 200 9605
::1 - - [29/Oct/2023:16:33:10 +0300] "POST /addRow.php HTTP/1.1" 302 -
::1 - - [29/Oct/2023:16:33:10 +0300] "GET /db.php HTTP/1.1" 200 9605
::1 - - [29/Oct/2023:16:33:10 +0300] "POST /addRow.php HTTP/1.1" 302 -
::1 - - [29/Oct/2023:16:33:10 +0300] "GET /db.php HTTP/1.1" 200 9605
::1 - - [29/Oct/2023:16:33:19 +0300] "POST /addRow.php HTTP/1.1" 200 321
::1 - - [29/Oct/2023:16:33:24 +0300] "GET /db.php HTTP/1.1" 200 10249
::1 - - [29/Oct/2023:16:33:26 +0300] "POST /eraseRow.php HTTP/1.1" 302 -
::1 - - [29/Oct/2023:16:33:26 +0300] "GET /db.php HTTP/1.1" 200 10249
::1 - - [29/Oct/2023:16:33:27 +0300] "POST /eraseRow.php HTTP/1.1" 302 -
::1 - - [29/Oct/2023:16:33:27 +0300] "GET /db.php HTTP/1.1" 200 10249
::1 - - [29/Oct/2023:16:33:27 +0300] "POST /eraseRow.php HTTP/1.1" 302 -
::1 - - [29/Oct/2023:16:33:27 +0300] "GET /db.php HTTP/1.1" 200 10249
::1 - - [29/Oct/2023:16:33:28 +0300] "POST /eraseRow.php HTTP/1.1" 302 -
::1 - - [29/Oct/2023:16:33:28 +0300] "GET /db.php HTTP/1.1" 200 10249
::1 - - [29/Oct/2023:16:33:35 +0300] "GET /db.php HTTP/1.1" 200 9605
::1 - - [29/Oct/2023:16:33:42 +0300] "GET /db.php HTTP/1.1" 200 9605
::1 - - [29/Oct/2023:16:33:43 +0300] "GET /db.php HTTP/1.1" 200 9605
::1 - - [29/Oct/2023:16:33:43 +0300] "GET /db.php HTTP/1.1" 200 9605
::1 - - [29/Oct/2023:16:33:45 +0300] "GET /js1.html HTTP/1.1" 304 -
::1 - - [29/Oct/2023:16:34:38 +0300] "GET /db.php HTTP/1.1" 200 9605
::1 - - [29/Oct/2023:16:34:38 +0300] "GET /css/styles.css HTTP/1.1" 200 4916
::1 - - [29/Oct/2023:16:34:38 +0300] "GET /js/events.js HTTP/1.1" 200 7260
::1 - - [29/Oct/2023:16:34:38 +0300] "GET /images/logo.png HTTP/1.1" 200 15931
::1 - - [29/Oct/2023:16:34:38 +0300] "GET /images/icon.ico HTTP/1.1" 200 67646
::1 - - [29/Oct/2023:16:34:51 +0300] "POST /addRow.php HTTP/1.1" 200 321
::1 - - [29/Oct/2023:16:35:40 +0300] "GET /db.php HTTP/1.1" 200 10240
::1 - - [29/Oct/2023:16:35:40 +0300] "GET /js/events.js HTTP/1.1" 304 -
::1 - - [29/Oct/2023:16:35:41 +0300] "GET /db.php HTTP/1.1" 200 10240
::1 - - [29/Oct/2023:16:35:47 +0300] "POST /eraseRow.php HTTP/1.1" 302 -
::1 - - [29/Oct/2023:16:35:47 +0300] "GET /db.php HTTP/1.1" 200 10240
::1 - - [29/Oct/2023:16:35:53 +0300] "GET /db.php HTTP/1.1" 200 9605
::1 - - [29/Oct/2023:16:36:03 +0300] "POST /addRow.php HTTP/1.1" 302 -
::1 - - [29/Oct/2023:16:36:03 +0300] "GET /db.php HTTP/1.1" 200 10280
::1 - - [29/Oct/2023:16:36:03 +0300] "GET /js/events.js HTTP/1.1" 304 -
::1 - - [29/Oct/2023:16:36:14 +0300] "GET /db.php HTTP/1.1" 200 10280
::1 - - [29/Oct/2023:16:36:47 +0300] "GET /form.html HTTP/1.1" 200 6118
::1 - - [29/Oct/2023:16:36:47 +0300] "GET /js/events.js HTTP/1.1" 304 -
::1 - - [29/Oct/2023:16:36:47 +0300] "GET /images/confirm.png HTTP/1.1" 200 97635
::1 - - [29/Oct/2023:16:36:55 +0300] "GET /db.php HTTP/1.1" 200 10280
::1 - - [29/Oct/2023:16:36:55 +0300] "GET /js/events.js HTTP/1.1" 304 -
::1 - - [29/Oct/2023:16:36:56 +0300] "POST /eraseRow.php HTTP/1.1" 302 -
::1 - - [29/Oct/2023:16:36:56 +0300] "GET /db.php HTTP/1.1" 200 9605
::1 - - [29/Oct/2023:16:37:17 +0300] "POST /addRow.php HTTP/1.1" 302 -
::1 - - [29/Oct/2023:16:37:17 +0300] "GET /db.php HTTP/1.1" 200 10310
::1 - - [29/Oct/2023:16:37:19 +0300] "POST /eraseRow.php HTTP/1.1" 302 -
::1 - - [29/Oct/2023:16:37:19 +0300] "GET /db.php HTTP/1.1" 200 9605
::1 - - [29/Oct/2023:16:38:15 +0300] "GET /db.php HTTP/1.1" 200 9605
::1 - - [29/Oct/2023:16:38:15 +0300] "GET /js/events.js HTTP/1.1" 200 7280
::1 - - [29/Oct/2023:16:38:16 +0300] "GET /db.php HTTP/1.1" 200 9605
::1 - - [29/Oct/2023:16:38:16 +0300] "GET /js/events.js HTTP/1.1" 304 -
::1 - - [29/Oct/2023:16:38:51 +0300] "POST /addRow.php HTTP/1.1" 302 -
::1 - - [29/Oct/2023:16:38:51 +0300] "GET /db.php HTTP/1.1" 200 10272
::1 - - [29/Oct/2023:16:38:51 +0300] "GET /js/events.js HTTP/1.1" 304 -
::1 - - [29/Oct/2023:16:38:53 +0300] "POST /eraseRow.php HTTP/1.1" 302 -
::1 - - [29/Oct/2023:16:38:53 +0300] "GET /db.php HTTP/1.1" 200 9605
::1 - - [29/Oct/2023:16:39:51 +0300] "-" 408 -
::1 - - [29/Oct/2023:17:21:08 +0300] "GET /db.php HTTP/1.1" 200 9605
::1 - - [29/Oct/2023:17:21:08 +0300] "GET /css/styles.css HTTP/1.1" 304 -
::1 - - [29/Oct/2023:17:21:08 +0300] "GET /js/events.js HTTP/1.1" 200 7725
::1 - - [29/Oct/2023:17:21:09 +0300] "GET /db.php HTTP/1.1" 200 9605
::1 - - [29/Oct/2023:17:21:09 +0300] "GET /js/events.js HTTP/1.1" 304 -
::1 - - [29/Oct/2023:17:21:37 +0300] "GET /db.php HTTP/1.1" 200 9605
::1 - - [29/Oct/2023:17:21:37 +0300] "GET /js/events.js HTTP/1.1" 200 7726
::1 - - [29/Oct/2023:17:22:00 +0300] "POST /addRow.php HTTP/1.1" 302 -
::1 - - [29/Oct/2023:17:22:00 +0300] "GET /db.php HTTP/1.1" 200 10231
::1 - - [29/Oct/2023:17:22:00 +0300] "GET /js/events.js HTTP/1.1" 304 -
::1 - - [29/Oct/2023:17:22:01 +0300] "POST /eraseRow.php HTTP/1.1" 302 -
::1 - - [29/Oct/2023:17:22:01 +0300] "GET /db.php HTTP/1.1" 200 9605
::1 - - [29/Oct/2023:17:23:00 +0300] "-" 408 -
::1 - - [29/Oct/2023:17:32:08 +0300] "GET /db.php HTTP/1.1" 200 9605
::1 - - [29/Oct/2023:17:32:08 +0300] "GET /js/events.js HTTP/1.1" 304 -
::1 - - [29/Oct/2023:17:33:08 +0300] "-" 408 -
::1 - - [29/Oct/2023:17:36:36 +0300] "POST /addRow.php HTTP/1.1" 302 -
::1 - - [29/Oct/2023:17:36:36 +0300] "GET /db.php HTTP/1.1" 200 10304
::1 - - [29/Oct/2023:17:36:36 +0300] "GET /js/events.js HTTP/1.1" 200 7726
::1 - - [29/Oct/2023:17:36:36 +0300] "GET /css/styles.css HTTP/1.1" 304 -
::1 - - [29/Oct/2023:17:36:46 +0300] "GET /db.php HTTP/1.1" 200 10304
::1 - - [29/Oct/2023:17:36:48 +0300] "POST /eraseRow.php HTTP/1.1" 302 -
::1 - - [29/Oct/2023:17:36:48 +0300] "GET /db.php HTTP/1.1" 200 9605
::1 - - [29/Oct/2023:17:37:46 +0300] "-" 408 -
::1 - - [29/Oct/2023:17:40:15 +0300] "POST /addRow.php HTTP/1.1" 302 -
::1 - - [29/Oct/2023:17:40:15 +0300] "GET /db.php HTTP/1.1" 200 10298
::1 - - [29/Oct/2023:17:40:15 +0300] "GET /js/events.js HTTP/1.1" 304 -
::1 - - [29/Oct/2023:17:41:15 +0300] "-" 408 -
::1 - - [29/Oct/2023:17:43:08 +0300] "POST /eraseRow.php HTTP/1.1" 302 -
::1 - - [29/Oct/2023:17:43:08 +0300] "GET /db.php HTTP/1.1" 200 9597
::1 - - [29/Oct/2023:17:43:08 +0300] "GET /js/events.js HTTP/1.1" 304 -
::1 - - [29/Oct/2023:17:43:38 +0300] "POST /eraseRow.php HTTP/1.1" 302 -
::1 - - [29/Oct/2023:17:43:38 +0300] "GET /db.php HTTP/1.1" 200 8904
::1 - - [29/Oct/2023:17:43:38 +0300] "POST /eraseRow.php HTTP/1.1" 302 -
::1 - - [29/Oct/2023:17:43:38 +0300] "GET /db.php HTTP/1.1" 200 8207
::1 - - [29/Oct/2023:17:43:39 +0300] "POST /eraseRow.php HTTP/1.1" 302 -
::1 - - [29/Oct/2023:17:43:39 +0300] "GET /db.php HTTP/1.1" 200 7494
::1 - - [29/Oct/2023:17:43:39 +0300] "POST /eraseRow.php HTTP/1.1" 302 -
::1 - - [29/Oct/2023:17:43:39 +0300] "GET /db.php HTTP/1.1" 200 6781
::1 - - [29/Oct/2023:17:43:40 +0300] "POST /eraseRow.php HTTP/1.1" 302 -
::1 - - [29/Oct/2023:17:43:40 +0300] "GET /db.php HTTP/1.1" 200 6080
::1 - - [29/Oct/2023:17:43:40 +0300] "POST /eraseRow.php HTTP/1.1" 302 -
::1 - - [29/Oct/2023:17:43:40 +0300] "GET /db.php HTTP/1.1" 200 5377
::1 - - [29/Oct/2023:17:44:38 +0300] "-" 408 -
::1 - - [06/Nov/2023:16:12:08 +0300] "GET /db.php HTTP/1.1" 200 5377
::1 - - [06/Nov/2023:16:12:08 +0300] "GET /css/styles.css HTTP/1.1" 200 4916
::1 - - [06/Nov/2023:16:12:08 +0300] "GET /images/logo.png HTTP/1.1" 200 15931
::1 - - [06/Nov/2023:16:12:08 +0300] "GET /js/events.js HTTP/1.1" 200 7726
::1 - - [06/Nov/2023:16:12:09 +0300] "GET /images/icon.ico HTTP/1.1" 200 67646
::1 - - [06/Nov/2023:16:12:11 +0300] "GET /form.html HTTP/1.1" 200 6118
::1 - - [06/Nov/2023:16:12:11 +0300] "GET /images/confirm.png HTTP/1.1" 200 97635
::1 - - [06/Nov/2023:16:12:13 +0300] "GET /js1.html HTTP/1.1" 200 4968
::1 - - [06/Nov/2023:16:12:32 +0300] "GET /db.php HTTP/1.1" 200 5377
::1 - - [06/Nov/2023:16:13:03 +0300] "GET / HTTP/1.1" 200 20440
::1 - - [18/Nov/2023:21:03:46 +0300] "GET / HTTP/1.1" 200 20440
::1 - - [18/Nov/2023:21:03:47 +0300] "GET /css/styles.css HTTP/1.1" 200 4916
::1 - - [18/Nov/2023:21:03:47 +0300] "GET /js/events.js HTTP/1.1" 200 7726
::1 - - [18/Nov/2023:21:03:47 +0300] "GET /images/logo.png HTTP/1.1" 200 15931
::1 - - [18/Nov/2023:21:03:47 +0300] "GET /images/ACHX.png HTTP/1.1" 200 130729
::1 - - [18/Nov/2023:21:03:47 +0300] "GET /images/ACHX2.png HTTP/1.1" 200 75481
::1 - - [18/Nov/2023:21:03:47 +0300] "GET /images/curveFM.png HTTP/1.1" 200 121810
::1 - - [18/Nov/2023:21:03:47 +0300] "GET /images/tembr2.png HTTP/1.1" 200 45683
::1 - - [18/Nov/2023:21:03:47 +0300] "GET /images/tembr1.png HTTP/1.1" 200 43989
::1 - - [18/Nov/2023:21:03:47 +0300] "GET /audio/audio.mp3 HTTP/1.1" 206 261234
::1 - - [18/Nov/2023:21:03:47 +0300] "GET /images/icon.ico HTTP/1.1" 200 67646
::1 - - [18/Nov/2023:21:03:48 +0300] "GET /db.php HTTP/1.1" 200 5377
::1 - - [18/Nov/2023:21:03:50 +0300] "GET /form.html HTTP/1.1" 200 6118
::1 - - [18/Nov/2023:21:03:50 +0300] "GET /images/confirm.png HTTP/1.1" 200 97635
::1 - - [18/Nov/2023:21:03:51 +0300] "GET /db.php HTTP/1.1" 200 5377
::1 - - [18/Nov/2023:21:04:06 +0300] "POST /addRow.php HTTP/1.1" 302 -
::1 - - [18/Nov/2023:21:04:06 +0300] "GET /db.php HTTP/1.1" 200 6083
::1 - - [18/Nov/2023:21:04:13 +0300] "POST /cgi-bin/tutor5.py HTTP/1.1" 404 196
::1 - - [18/Nov/2023:21:04:13 +0300] "GET /favicon.ico HTTP/1.1" 404 196
::1 - - [18/Nov/2023:21:05:07 +0300] "GET /db.php HTTP/1.1" 200 6083
::1 - - [18/Nov/2023:21:05:14 +0300] "POST /cgi-bin/tutor5.py HTTP/1.1" 404 196
::1 - - [18/Nov/2023:21:05:42 +0300] "POST /cgi-bin/tutor5.py HTTP/1.1" 404 196
::1 - - [18/Nov/2023:21:05:49 +0300] "POST /cgi-bin/tutor5.py HTTP/1.1" 404 196
::1 - - [18/Nov/2023:21:06:49 +0300] "-" 408 -
